[24/Feb/2015 15:04:31] INFO [sstuv:83] busqueda de expedientes en logger info
[24/Feb/2015 15:04:31] ERROR [sstuv:84] busqueda de expedientes en logger error
[24/Feb/2015 17:05:16] INFO [sstuv:83] busqueda de expedientes en logger info
[24/Feb/2015 17:05:16] ERROR [sstuv:84] busqueda de expedientes en logger error
[24/Feb/2015 17:06:17] INFO [sstuv:83] busqueda de expedientes en logger info
[24/Feb/2015 17:06:17] ERROR [sstuv:84] busqueda de expedientes en logger error
[24/Feb/2015 17:07:12] INFO [sstuv:83] busqueda de expedientes en logger info
[24/Feb/2015 17:07:12] ERROR [sstuv:84] busqueda de expedientes en logger error
[24/Feb/2015 17:34:18] INFO [sstuv:83] busqueda de expedientes en logger info
[24/Feb/2015 17:34:18] ERROR [sstuv:84] busqueda de expedientes en logger error
[24/Feb/2015 17:34:53] INFO [sstuv:83] busqueda de expedientes en logger info
[24/Feb/2015 17:34:53] ERROR [sstuv:84] busqueda de expedientes en logger error
[24/Feb/2015 17:34:53] ERROR [django.request:231] Internal Server Error: /sig/expedientes/
Traceback (most recent call last):
  File "/home/avazzano/virtualenvs3/python3.4/lib/python3.4/site-packages/django/template/base.py", line 286, in parse
    compile_func = self.tags[command]
KeyError: 'user.get_short_name'

During handling of the above exception, another exception occurred:

Traceback (most recent call last):
  File "/home/avazzano/virtualenvs3/python3.4/lib/python3.4/site-packages/django/core/handlers/base.py", line 111, in get_response
    response = wrapped_callback(request, *callback_args, **callback_kwargs)
  File "/home/avazzano/git/sstuv/documentos/views.py", line 85, in loadBusquedaExpediente
    return render(request, 'expedienteley_list.html', {'tipo' : 'Expediente'}, context_instance=RequestContext(request))
  File "/home/avazzano/virtualenvs3/python3.4/lib/python3.4/site-packages/django/shortcuts.py", line 50, in render
    return HttpResponse(loader.render_to_string(*args, **kwargs),
  File "/home/avazzano/virtualenvs3/python3.4/lib/python3.4/site-packages/django/template/loader.py", line 178, in render_to_string
    return t.render(context_instance)
  File "/home/avazzano/virtualenvs3/python3.4/lib/python3.4/site-packages/django/template/base.py", line 148, in render
    return self._render(context)
  File "/home/avazzano/virtualenvs3/python3.4/lib/python3.4/site-packages/django/template/base.py", line 142, in _render
    return self.nodelist.render(context)
  File "/home/avazzano/virtualenvs3/python3.4/lib/python3.4/site-packages/django/template/base.py", line 844, in render
    bit = self.render_node(node, context)
  File "/home/avazzano/virtualenvs3/python3.4/lib/python3.4/site-packages/django/template/debug.py", line 80, in render_node
    return node.render(context)
  File "/home/avazzano/virtualenvs3/python3.4/lib/python3.4/site-packages/django/template/loader_tags.py", line 126, in render
    return compiled_parent._render(context)
  File "/home/avazzano/virtualenvs3/python3.4/lib/python3.4/site-packages/django/template/base.py", line 142, in _render
    return self.nodelist.render(context)
  File "/home/avazzano/virtualenvs3/python3.4/lib/python3.4/site-packages/django/template/base.py", line 844, in render
    bit = self.render_node(node, context)
  File "/home/avazzano/virtualenvs3/python3.4/lib/python3.4/site-packages/django/template/debug.py", line 80, in render_node
    return node.render(context)
  File "/home/avazzano/virtualenvs3/python3.4/lib/python3.4/site-packages/django/template/loader_tags.py", line 126, in render
    return compiled_parent._render(context)
  File "/home/avazzano/virtualenvs3/python3.4/lib/python3.4/site-packages/django/template/base.py", line 142, in _render
    return self.nodelist.render(context)
  File "/home/avazzano/virtualenvs3/python3.4/lib/python3.4/site-packages/django/template/base.py", line 844, in render
    bit = self.render_node(node, context)
  File "/home/avazzano/virtualenvs3/python3.4/lib/python3.4/site-packages/django/template/debug.py", line 80, in render_node
    return node.render(context)
  File "/home/avazzano/virtualenvs3/python3.4/lib/python3.4/site-packages/django/template/defaulttags.py", line 312, in render
    return nodelist.render(context)
  File "/home/avazzano/virtualenvs3/python3.4/lib/python3.4/site-packages/django/template/base.py", line 844, in render
    bit = self.render_node(node, context)
  File "/home/avazzano/virtualenvs3/python3.4/lib/python3.4/site-packages/django/template/debug.py", line 80, in render_node
    return node.render(context)
  File "/home/avazzano/virtualenvs3/python3.4/lib/python3.4/site-packages/django/template/loader_tags.py", line 65, in render
    result = block.nodelist.render(context)
  File "/home/avazzano/virtualenvs3/python3.4/lib/python3.4/site-packages/django/template/base.py", line 844, in render
    bit = self.render_node(node, context)
  File "/home/avazzano/virtualenvs3/python3.4/lib/python3.4/site-packages/django/template/debug.py", line 80, in render_node
    return node.render(context)
  File "/home/avazzano/virtualenvs3/python3.4/lib/python3.4/site-packages/django/template/loader_tags.py", line 65, in render
    result = block.nodelist.render(context)
  File "/home/avazzano/virtualenvs3/python3.4/lib/python3.4/site-packages/django/template/base.py", line 844, in render
    bit = self.render_node(node, context)
  File "/home/avazzano/virtualenvs3/python3.4/lib/python3.4/site-packages/django/template/debug.py", line 80, in render_node
    return node.render(context)
  File "/home/avazzano/virtualenvs3/python3.4/lib/python3.4/site-packages/django/template/base.py", line 1216, in render
    t = get_template(file_name)
  File "/home/avazzano/virtualenvs3/python3.4/lib/python3.4/site-packages/django/template/loader.py", line 144, in get_template
    template, origin = find_template(template_name, dirs)
  File "/home/avazzano/virtualenvs3/python3.4/lib/python3.4/site-packages/django/template/loader.py", line 132, in find_template
    source, display_name = loader(name, dirs)
  File "/home/avazzano/virtualenvs3/python3.4/lib/python3.4/site-packages/django/template/loader.py", line 44, in __call__
    return self.load_template(template_name, template_dirs)
  File "/home/avazzano/virtualenvs3/python3.4/lib/python3.4/site-packages/django/template/loader.py", line 50, in load_template
    template = get_template_from_string(source, origin, template_name)
  File "/home/avazzano/virtualenvs3/python3.4/lib/python3.4/site-packages/django/template/loader.py", line 156, in get_template_from_string
    return Template(source, origin, name)
  File "/home/avazzano/virtualenvs3/python3.4/lib/python3.4/site-packages/django/template/base.py", line 132, in __init__
    self.nodelist = compile_string(template_string, origin)
  File "/home/avazzano/virtualenvs3/python3.4/lib/python3.4/site-packages/django/template/base.py", line 162, in compile_string
    return parser.parse()
  File "/home/avazzano/virtualenvs3/python3.4/lib/python3.4/site-packages/django/template/base.py", line 288, in parse
    self.invalid_block_tag(token, command, parse_until)
  File "/home/avazzano/virtualenvs3/python3.4/lib/python3.4/site-packages/django/template/base.py", line 344, in invalid_block_tag
    raise self.error(token, "Invalid block tag: '%s'" % command)
django.template.base.TemplateSyntaxError: Invalid block tag: 'user.get_short_name'
[24/Feb/2015 17:38:29] INFO [sstuv:83] busqueda de expedientes en logger info
[24/Feb/2015 17:38:29] ERROR [sstuv:84] busqueda de expedientes en logger error
[24/Feb/2015 17:38:29] ERROR [django.request:231] Internal Server Error: /sig/expedientes/
Traceback (most recent call last):
  File "/home/avazzano/virtualenvs3/python3.4/lib/python3.4/site-packages/django/template/base.py", line 286, in parse
    compile_func = self.tags[command]
KeyError: 'trans'

During handling of the above exception, another exception occurred:

Traceback (most recent call last):
  File "/home/avazzano/virtualenvs3/python3.4/lib/python3.4/site-packages/django/core/handlers/base.py", line 111, in get_response
    response = wrapped_callback(request, *callback_args, **callback_kwargs)
  File "/home/avazzano/git/sstuv/documentos/views.py", line 85, in loadBusquedaExpediente
    return render(request, 'expedienteley_list.html', {'tipo' : 'Expediente'}, context_instance=RequestContext(request))
  File "/home/avazzano/virtualenvs3/python3.4/lib/python3.4/site-packages/django/shortcuts.py", line 50, in render
    return HttpResponse(loader.render_to_string(*args, **kwargs),
  File "/home/avazzano/virtualenvs3/python3.4/lib/python3.4/site-packages/django/template/loader.py", line 178, in render_to_string
    return t.render(context_instance)
  File "/home/avazzano/virtualenvs3/python3.4/lib/python3.4/site-packages/django/template/base.py", line 148, in render
    return self._render(context)
  File "/home/avazzano/virtualenvs3/python3.4/lib/python3.4/site-packages/django/template/base.py", line 142, in _render
    return self.nodelist.render(context)
  File "/home/avazzano/virtualenvs3/python3.4/lib/python3.4/site-packages/django/template/base.py", line 844, in render
    bit = self.render_node(node, context)
  File "/home/avazzano/virtualenvs3/python3.4/lib/python3.4/site-packages/django/template/debug.py", line 80, in render_node
    return node.render(context)
  File "/home/avazzano/virtualenvs3/python3.4/lib/python3.4/site-packages/django/template/loader_tags.py", line 126, in render
    return compiled_parent._render(context)
  File "/home/avazzano/virtualenvs3/python3.4/lib/python3.4/site-packages/django/template/base.py", line 142, in _render
    return self.nodelist.render(context)
  File "/home/avazzano/virtualenvs3/python3.4/lib/python3.4/site-packages/django/template/base.py", line 844, in render
    bit = self.render_node(node, context)
  File "/home/avazzano/virtualenvs3/python3.4/lib/python3.4/site-packages/django/template/debug.py", line 80, in render_node
    return node.render(context)
  File "/home/avazzano/virtualenvs3/python3.4/lib/python3.4/site-packages/django/template/loader_tags.py", line 126, in render
    return compiled_parent._render(context)
  File "/home/avazzano/virtualenvs3/python3.4/lib/python3.4/site-packages/django/template/base.py", line 142, in _render
    return self.nodelist.render(context)
  File "/home/avazzano/virtualenvs3/python3.4/lib/python3.4/site-packages/django/template/base.py", line 844, in render
    bit = self.render_node(node, context)
  File "/home/avazzano/virtualenvs3/python3.4/lib/python3.4/site-packages/django/template/debug.py", line 80, in render_node
    return node.render(context)
  File "/home/avazzano/virtualenvs3/python3.4/lib/python3.4/site-packages/django/template/defaulttags.py", line 312, in render
    return nodelist.render(context)
  File "/home/avazzano/virtualenvs3/python3.4/lib/python3.4/site-packages/django/template/base.py", line 844, in render
    bit = self.render_node(node, context)
  File "/home/avazzano/virtualenvs3/python3.4/lib/python3.4/site-packages/django/template/debug.py", line 80, in render_node
    return node.render(context)
  File "/home/avazzano/virtualenvs3/python3.4/lib/python3.4/site-packages/django/template/loader_tags.py", line 65, in render
    result = block.nodelist.render(context)
  File "/home/avazzano/virtualenvs3/python3.4/lib/python3.4/site-packages/django/template/base.py", line 844, in render
    bit = self.render_node(node, context)
  File "/home/avazzano/virtualenvs3/python3.4/lib/python3.4/site-packages/django/template/debug.py", line 80, in render_node
    return node.render(context)
  File "/home/avazzano/virtualenvs3/python3.4/lib/python3.4/site-packages/django/template/loader_tags.py", line 65, in render
    result = block.nodelist.render(context)
  File "/home/avazzano/virtualenvs3/python3.4/lib/python3.4/site-packages/django/template/base.py", line 844, in render
    bit = self.render_node(node, context)
  File "/home/avazzano/virtualenvs3/python3.4/lib/python3.4/site-packages/django/template/debug.py", line 80, in render_node
    return node.render(context)
  File "/home/avazzano/virtualenvs3/python3.4/lib/python3.4/site-packages/django/template/base.py", line 1216, in render
    t = get_template(file_name)
  File "/home/avazzano/virtualenvs3/python3.4/lib/python3.4/site-packages/django/template/loader.py", line 144, in get_template
    template, origin = find_template(template_name, dirs)
  File "/home/avazzano/virtualenvs3/python3.4/lib/python3.4/site-packages/django/template/loader.py", line 132, in find_template
    source, display_name = loader(name, dirs)
  File "/home/avazzano/virtualenvs3/python3.4/lib/python3.4/site-packages/django/template/loader.py", line 44, in __call__
    return self.load_template(template_name, template_dirs)
  File "/home/avazzano/virtualenvs3/python3.4/lib/python3.4/site-packages/django/template/loader.py", line 50, in load_template
    template = get_template_from_string(source, origin, template_name)
  File "/home/avazzano/virtualenvs3/python3.4/lib/python3.4/site-packages/django/template/loader.py", line 156, in get_template_from_string
    return Template(source, origin, name)
  File "/home/avazzano/virtualenvs3/python3.4/lib/python3.4/site-packages/django/template/base.py", line 132, in __init__
    self.nodelist = compile_string(template_string, origin)
  File "/home/avazzano/virtualenvs3/python3.4/lib/python3.4/site-packages/django/template/base.py", line 162, in compile_string
    return parser.parse()
  File "/home/avazzano/virtualenvs3/python3.4/lib/python3.4/site-packages/django/template/base.py", line 290, in parse
    compiled_result = compile_func(self, token)
  File "/home/avazzano/virtualenvs3/python3.4/lib/python3.4/site-packages/django/template/defaulttags.py", line 975, in do_if
    nodelist = parser.parse(('elif', 'else', 'endif'))
  File "/home/avazzano/virtualenvs3/python3.4/lib/python3.4/site-packages/django/template/base.py", line 290, in parse
    compiled_result = compile_func(self, token)
  File "/home/avazzano/virtualenvs3/python3.4/lib/python3.4/site-packages/django/template/loader_tags.py", line 175, in do_block
    nodelist = parser.parse(('endblock',))
  File "/home/avazzano/virtualenvs3/python3.4/lib/python3.4/site-packages/django/template/base.py", line 288, in parse
    self.invalid_block_tag(token, command, parse_until)
  File "/home/avazzano/virtualenvs3/python3.4/lib/python3.4/site-packages/django/template/base.py", line 343, in invalid_block_tag
    (command, get_text_list(["'%s'" % p for p in parse_until])))
django.template.base.TemplateSyntaxError: Invalid block tag: 'trans', expected 'endblock'
[24/Feb/2015 17:42:22] INFO [sstuv:83] busqueda de expedientes en logger info
[24/Feb/2015 17:42:22] ERROR [sstuv:84] busqueda de expedientes en logger error
[24/Feb/2015 17:42:22] ERROR [django.request:231] Internal Server Error: /sig/expedientes/
Traceback (most recent call last):
  File "/home/avazzano/virtualenvs3/python3.4/lib/python3.4/site-packages/django/template/base.py", line 286, in parse
    compile_func = self.tags[command]
KeyError: 'trans'

During handling of the above exception, another exception occurred:

Traceback (most recent call last):
  File "/home/avazzano/virtualenvs3/python3.4/lib/python3.4/site-packages/django/core/handlers/base.py", line 111, in get_response
    response = wrapped_callback(request, *callback_args, **callback_kwargs)
  File "/home/avazzano/git/sstuv/documentos/views.py", line 85, in loadBusquedaExpediente
    return render(request, 'expedienteley_list.html', {'tipo' : 'Expediente'}, context_instance=RequestContext(request))
  File "/home/avazzano/virtualenvs3/python3.4/lib/python3.4/site-packages/django/shortcuts.py", line 50, in render
    return HttpResponse(loader.render_to_string(*args, **kwargs),
  File "/home/avazzano/virtualenvs3/python3.4/lib/python3.4/site-packages/django/template/loader.py", line 178, in render_to_string
    return t.render(context_instance)
  File "/home/avazzano/virtualenvs3/python3.4/lib/python3.4/site-packages/django/template/base.py", line 148, in render
    return self._render(context)
  File "/home/avazzano/virtualenvs3/python3.4/lib/python3.4/site-packages/django/template/base.py", line 142, in _render
    return self.nodelist.render(context)
  File "/home/avazzano/virtualenvs3/python3.4/lib/python3.4/site-packages/django/template/base.py", line 844, in render
    bit = self.render_node(node, context)
  File "/home/avazzano/virtualenvs3/python3.4/lib/python3.4/site-packages/django/template/debug.py", line 80, in render_node
    return node.render(context)
  File "/home/avazzano/virtualenvs3/python3.4/lib/python3.4/site-packages/django/template/loader_tags.py", line 126, in render
    return compiled_parent._render(context)
  File "/home/avazzano/virtualenvs3/python3.4/lib/python3.4/site-packages/django/template/base.py", line 142, in _render
    return self.nodelist.render(context)
  File "/home/avazzano/virtualenvs3/python3.4/lib/python3.4/site-packages/django/template/base.py", line 844, in render
    bit = self.render_node(node, context)
  File "/home/avazzano/virtualenvs3/python3.4/lib/python3.4/site-packages/django/template/debug.py", line 80, in render_node
    return node.render(context)
  File "/home/avazzano/virtualenvs3/python3.4/lib/python3.4/site-packages/django/template/loader_tags.py", line 126, in render
    return compiled_parent._render(context)
  File "/home/avazzano/virtualenvs3/python3.4/lib/python3.4/site-packages/django/template/base.py", line 142, in _render
    return self.nodelist.render(context)
  File "/home/avazzano/virtualenvs3/python3.4/lib/python3.4/site-packages/django/template/base.py", line 844, in render
    bit = self.render_node(node, context)
  File "/home/avazzano/virtualenvs3/python3.4/lib/python3.4/site-packages/django/template/debug.py", line 80, in render_node
    return node.render(context)
  File "/home/avazzano/virtualenvs3/python3.4/lib/python3.4/site-packages/django/template/defaulttags.py", line 312, in render
    return nodelist.render(context)
  File "/home/avazzano/virtualenvs3/python3.4/lib/python3.4/site-packages/django/template/base.py", line 844, in render
    bit = self.render_node(node, context)
  File "/home/avazzano/virtualenvs3/python3.4/lib/python3.4/site-packages/django/template/debug.py", line 80, in render_node
    return node.render(context)
  File "/home/avazzano/virtualenvs3/python3.4/lib/python3.4/site-packages/django/template/loader_tags.py", line 65, in render
    result = block.nodelist.render(context)
  File "/home/avazzano/virtualenvs3/python3.4/lib/python3.4/site-packages/django/template/base.py", line 844, in render
    bit = self.render_node(node, context)
  File "/home/avazzano/virtualenvs3/python3.4/lib/python3.4/site-packages/django/template/debug.py", line 80, in render_node
    return node.render(context)
  File "/home/avazzano/virtualenvs3/python3.4/lib/python3.4/site-packages/django/template/loader_tags.py", line 65, in render
    result = block.nodelist.render(context)
  File "/home/avazzano/virtualenvs3/python3.4/lib/python3.4/site-packages/django/template/base.py", line 844, in render
    bit = self.render_node(node, context)
  File "/home/avazzano/virtualenvs3/python3.4/lib/python3.4/site-packages/django/template/debug.py", line 80, in render_node
    return node.render(context)
  File "/home/avazzano/virtualenvs3/python3.4/lib/python3.4/site-packages/django/template/base.py", line 1216, in render
    t = get_template(file_name)
  File "/home/avazzano/virtualenvs3/python3.4/lib/python3.4/site-packages/django/template/loader.py", line 144, in get_template
    template, origin = find_template(template_name, dirs)
  File "/home/avazzano/virtualenvs3/python3.4/lib/python3.4/site-packages/django/template/loader.py", line 132, in find_template
    source, display_name = loader(name, dirs)
  File "/home/avazzano/virtualenvs3/python3.4/lib/python3.4/site-packages/django/template/loader.py", line 44, in __call__
    return self.load_template(template_name, template_dirs)
  File "/home/avazzano/virtualenvs3/python3.4/lib/python3.4/site-packages/django/template/loader.py", line 50, in load_template
    template = get_template_from_string(source, origin, template_name)
  File "/home/avazzano/virtualenvs3/python3.4/lib/python3.4/site-packages/django/template/loader.py", line 156, in get_template_from_string
    return Template(source, origin, name)
  File "/home/avazzano/virtualenvs3/python3.4/lib/python3.4/site-packages/django/template/base.py", line 132, in __init__
    self.nodelist = compile_string(template_string, origin)
  File "/home/avazzano/virtualenvs3/python3.4/lib/python3.4/site-packages/django/template/base.py", line 162, in compile_string
    return parser.parse()
  File "/home/avazzano/virtualenvs3/python3.4/lib/python3.4/site-packages/django/template/base.py", line 290, in parse
    compiled_result = compile_func(self, token)
  File "/home/avazzano/virtualenvs3/python3.4/lib/python3.4/site-packages/django/template/defaulttags.py", line 975, in do_if
    nodelist = parser.parse(('elif', 'else', 'endif'))
  File "/home/avazzano/virtualenvs3/python3.4/lib/python3.4/site-packages/django/template/base.py", line 290, in parse
    compiled_result = compile_func(self, token)
  File "/home/avazzano/virtualenvs3/python3.4/lib/python3.4/site-packages/django/template/loader_tags.py", line 175, in do_block
    nodelist = parser.parse(('endblock',))
  File "/home/avazzano/virtualenvs3/python3.4/lib/python3.4/site-packages/django/template/base.py", line 290, in parse
    compiled_result = compile_func(self, token)
  File "/home/avazzano/virtualenvs3/python3.4/lib/python3.4/site-packages/django/template/defaulttags.py", line 975, in do_if
    nodelist = parser.parse(('elif', 'else', 'endif'))
  File "/home/avazzano/virtualenvs3/python3.4/lib/python3.4/site-packages/django/template/base.py", line 288, in parse
    self.invalid_block_tag(token, command, parse_until)
  File "/home/avazzano/virtualenvs3/python3.4/lib/python3.4/site-packages/django/template/base.py", line 343, in invalid_block_tag
    (command, get_text_list(["'%s'" % p for p in parse_until])))
django.template.base.TemplateSyntaxError: Invalid block tag: 'trans', expected 'elif', 'else' o 'endif'
[24/Feb/2015 17:42:45] INFO [sstuv:83] busqueda de expedientes en logger info
[24/Feb/2015 17:42:45] ERROR [sstuv:84] busqueda de expedientes en logger error
[24/Feb/2015 17:42:54] INFO [sstuv:83] busqueda de expedientes en logger info
[24/Feb/2015 17:42:54] ERROR [sstuv:84] busqueda de expedientes en logger error
[24/Feb/2015 17:42:56] WARNING [django.request:143] Not Found: /
[24/Feb/2015 17:43:02] WARNING [django.request:143] Not Found: /expedientes
[24/Feb/2015 17:43:43] INFO [sstuv:83] busqueda de expedientes en logger info
[24/Feb/2015 17:43:43] ERROR [sstuv:84] busqueda de expedientes en logger error
[24/Feb/2015 17:43:56] INFO [sstuv:83] busqueda de expedientes en logger info
[24/Feb/2015 17:43:56] ERROR [sstuv:84] busqueda de expedientes en logger error
[24/Feb/2015 17:44:17] INFO [sstuv:83] busqueda de expedientes en logger info
[24/Feb/2015 17:44:17] ERROR [sstuv:84] busqueda de expedientes en logger error
[24/Feb/2015 17:44:18] INFO [sstuv:83] busqueda de expedientes en logger info
[24/Feb/2015 17:44:18] ERROR [sstuv:84] busqueda de expedientes en logger error
[24/Feb/2015 17:44:18] INFO [sstuv:83] busqueda de expedientes en logger info
[24/Feb/2015 17:44:18] ERROR [sstuv:84] busqueda de expedientes en logger error
[24/Feb/2015 17:44:30] INFO [sstuv:83] busqueda de expedientes en logger info
[24/Feb/2015 17:44:30] ERROR [sstuv:84] busqueda de expedientes en logger error
[24/Feb/2015 17:44:31] INFO [sstuv:83] busqueda de expedientes en logger info
[24/Feb/2015 17:44:31] ERROR [sstuv:84] busqueda de expedientes en logger error
[24/Feb/2015 17:44:31] INFO [sstuv:83] busqueda de expedientes en logger info
[24/Feb/2015 17:44:31] ERROR [sstuv:84] busqueda de expedientes en logger error
[24/Feb/2015 17:44:31] INFO [sstuv:83] busqueda de expedientes en logger info
[24/Feb/2015 17:44:31] ERROR [sstuv:84] busqueda de expedientes en logger error
[24/Feb/2015 17:44:36] INFO [sstuv:83] busqueda de expedientes en logger info
[24/Feb/2015 17:44:36] ERROR [sstuv:84] busqueda de expedientes en logger error
[24/Feb/2015 17:44:44] INFO [sstuv:83] busqueda de expedientes en logger info
[24/Feb/2015 17:44:44] ERROR [sstuv:84] busqueda de expedientes en logger error
[24/Feb/2015 17:44:44] INFO [sstuv:83] busqueda de expedientes en logger info
[24/Feb/2015 17:44:44] ERROR [sstuv:84] busqueda de expedientes en logger error
[24/Feb/2015 17:44:45] INFO [sstuv:83] busqueda de expedientes en logger info
[24/Feb/2015 17:44:45] ERROR [sstuv:84] busqueda de expedientes en logger error
[24/Feb/2015 17:44:45] INFO [sstuv:83] busqueda de expedientes en logger info
[24/Feb/2015 17:44:45] ERROR [sstuv:84] busqueda de expedientes en logger error
[24/Feb/2015 17:44:46] INFO [sstuv:83] busqueda de expedientes en logger info
[24/Feb/2015 17:44:46] ERROR [sstuv:84] busqueda de expedientes en logger error
[24/Feb/2015 17:45:39] INFO [sstuv:83] busqueda de expedientes en logger info
[24/Feb/2015 17:45:39] ERROR [sstuv:84] busqueda de expedientes en logger error
[24/Feb/2015 17:45:55] INFO [sstuv:83] busqueda de expedientes en logger info
[24/Feb/2015 17:45:55] ERROR [sstuv:84] busqueda de expedientes en logger error
[24/Feb/2015 17:47:23] INFO [sstuv:83] busqueda de expedientes en logger info
[24/Feb/2015 17:47:23] ERROR [sstuv:84] busqueda de expedientes en logger error
[24/Feb/2015 17:47:23] ERROR [django.request:231] Internal Server Error: /sig/expedientes/
Traceback (most recent call last):
  File "/home/avazzano/virtualenvs3/python3.4/lib/python3.4/site-packages/django/template/base.py", line 286, in parse
    compile_func = self.tags[command]
KeyError: 'trans'

During handling of the above exception, another exception occurred:

Traceback (most recent call last):
  File "/home/avazzano/virtualenvs3/python3.4/lib/python3.4/site-packages/django/core/handlers/base.py", line 111, in get_response
    response = wrapped_callback(request, *callback_args, **callback_kwargs)
  File "/home/avazzano/git/sstuv/documentos/views.py", line 85, in loadBusquedaExpediente
    return render(request, 'expedienteley_list.html', {'tipo' : 'Expediente'}, context_instance=RequestContext(request))
  File "/home/avazzano/virtualenvs3/python3.4/lib/python3.4/site-packages/django/shortcuts.py", line 50, in render
    return HttpResponse(loader.render_to_string(*args, **kwargs),
  File "/home/avazzano/virtualenvs3/python3.4/lib/python3.4/site-packages/django/template/loader.py", line 178, in render_to_string
    return t.render(context_instance)
  File "/home/avazzano/virtualenvs3/python3.4/lib/python3.4/site-packages/django/template/base.py", line 148, in render
    return self._render(context)
  File "/home/avazzano/virtualenvs3/python3.4/lib/python3.4/site-packages/django/template/base.py", line 142, in _render
    return self.nodelist.render(context)
  File "/home/avazzano/virtualenvs3/python3.4/lib/python3.4/site-packages/django/template/base.py", line 844, in render
    bit = self.render_node(node, context)
  File "/home/avazzano/virtualenvs3/python3.4/lib/python3.4/site-packages/django/template/debug.py", line 80, in render_node
    return node.render(context)
  File "/home/avazzano/virtualenvs3/python3.4/lib/python3.4/site-packages/django/template/loader_tags.py", line 126, in render
    return compiled_parent._render(context)
  File "/home/avazzano/virtualenvs3/python3.4/lib/python3.4/site-packages/django/template/base.py", line 142, in _render
    return self.nodelist.render(context)
  File "/home/avazzano/virtualenvs3/python3.4/lib/python3.4/site-packages/django/template/base.py", line 844, in render
    bit = self.render_node(node, context)
  File "/home/avazzano/virtualenvs3/python3.4/lib/python3.4/site-packages/django/template/debug.py", line 80, in render_node
    return node.render(context)
  File "/home/avazzano/virtualenvs3/python3.4/lib/python3.4/site-packages/django/template/loader_tags.py", line 126, in render
    return compiled_parent._render(context)
  File "/home/avazzano/virtualenvs3/python3.4/lib/python3.4/site-packages/django/template/base.py", line 142, in _render
    return self.nodelist.render(context)
  File "/home/avazzano/virtualenvs3/python3.4/lib/python3.4/site-packages/django/template/base.py", line 844, in render
    bit = self.render_node(node, context)
  File "/home/avazzano/virtualenvs3/python3.4/lib/python3.4/site-packages/django/template/debug.py", line 80, in render_node
    return node.render(context)
  File "/home/avazzano/virtualenvs3/python3.4/lib/python3.4/site-packages/django/template/defaulttags.py", line 312, in render
    return nodelist.render(context)
  File "/home/avazzano/virtualenvs3/python3.4/lib/python3.4/site-packages/django/template/base.py", line 844, in render
    bit = self.render_node(node, context)
  File "/home/avazzano/virtualenvs3/python3.4/lib/python3.4/site-packages/django/template/debug.py", line 80, in render_node
    return node.render(context)
  File "/home/avazzano/virtualenvs3/python3.4/lib/python3.4/site-packages/django/template/loader_tags.py", line 65, in render
    result = block.nodelist.render(context)
  File "/home/avazzano/virtualenvs3/python3.4/lib/python3.4/site-packages/django/template/base.py", line 844, in render
    bit = self.render_node(node, context)
  File "/home/avazzano/virtualenvs3/python3.4/lib/python3.4/site-packages/django/template/debug.py", line 80, in render_node
    return node.render(context)
  File "/home/avazzano/virtualenvs3/python3.4/lib/python3.4/site-packages/django/template/loader_tags.py", line 65, in render
    result = block.nodelist.render(context)
  File "/home/avazzano/virtualenvs3/python3.4/lib/python3.4/site-packages/django/template/base.py", line 844, in render
    bit = self.render_node(node, context)
  File "/home/avazzano/virtualenvs3/python3.4/lib/python3.4/site-packages/django/template/debug.py", line 80, in render_node
    return node.render(context)
  File "/home/avazzano/virtualenvs3/python3.4/lib/python3.4/site-packages/django/template/base.py", line 1216, in render
    t = get_template(file_name)
  File "/home/avazzano/virtualenvs3/python3.4/lib/python3.4/site-packages/django/template/loader.py", line 144, in get_template
    template, origin = find_template(template_name, dirs)
  File "/home/avazzano/virtualenvs3/python3.4/lib/python3.4/site-packages/django/template/loader.py", line 132, in find_template
    source, display_name = loader(name, dirs)
  File "/home/avazzano/virtualenvs3/python3.4/lib/python3.4/site-packages/django/template/loader.py", line 44, in __call__
    return self.load_template(template_name, template_dirs)
  File "/home/avazzano/virtualenvs3/python3.4/lib/python3.4/site-packages/django/template/loader.py", line 50, in load_template
    template = get_template_from_string(source, origin, template_name)
  File "/home/avazzano/virtualenvs3/python3.4/lib/python3.4/site-packages/django/template/loader.py", line 156, in get_template_from_string
    return Template(source, origin, name)
  File "/home/avazzano/virtualenvs3/python3.4/lib/python3.4/site-packages/django/template/base.py", line 132, in __init__
    self.nodelist = compile_string(template_string, origin)
  File "/home/avazzano/virtualenvs3/python3.4/lib/python3.4/site-packages/django/template/base.py", line 162, in compile_string
    return parser.parse()
  File "/home/avazzano/virtualenvs3/python3.4/lib/python3.4/site-packages/django/template/base.py", line 290, in parse
    compiled_result = compile_func(self, token)
  File "/home/avazzano/virtualenvs3/python3.4/lib/python3.4/site-packages/django/template/defaulttags.py", line 975, in do_if
    nodelist = parser.parse(('elif', 'else', 'endif'))
  File "/home/avazzano/virtualenvs3/python3.4/lib/python3.4/site-packages/django/template/base.py", line 290, in parse
    compiled_result = compile_func(self, token)
  File "/home/avazzano/virtualenvs3/python3.4/lib/python3.4/site-packages/django/template/loader_tags.py", line 175, in do_block
    nodelist = parser.parse(('endblock',))
  File "/home/avazzano/virtualenvs3/python3.4/lib/python3.4/site-packages/django/template/base.py", line 288, in parse
    self.invalid_block_tag(token, command, parse_until)
  File "/home/avazzano/virtualenvs3/python3.4/lib/python3.4/site-packages/django/template/base.py", line 343, in invalid_block_tag
    (command, get_text_list(["'%s'" % p for p in parse_until])))
django.template.base.TemplateSyntaxError: Invalid block tag: 'trans', expected 'endblock'
[24/Feb/2015 18:11:58] INFO [sstuv:83] busqueda de expedientes en logger info
[24/Feb/2015 18:11:58] ERROR [sstuv:84] busqueda de expedientes en logger error
[24/Feb/2015 18:11:58] ERROR [django.request:231] Internal Server Error: /sig/expedientes/
Traceback (most recent call last):
  File "/home/avazzano/virtualenvs3/python3.4/lib/python3.4/site-packages/django/template/base.py", line 286, in parse
    compile_func = self.tags[command]
KeyError: 'trans'

During handling of the above exception, another exception occurred:

Traceback (most recent call last):
  File "/home/avazzano/virtualenvs3/python3.4/lib/python3.4/site-packages/django/core/handlers/base.py", line 111, in get_response
    response = wrapped_callback(request, *callback_args, **callback_kwargs)
  File "/home/avazzano/git/sstuv/documentos/views.py", line 85, in loadBusquedaExpediente
    return render(request, 'expedienteley_list.html', {'tipo' : 'Expediente'}, context_instance=RequestContext(request))
  File "/home/avazzano/virtualenvs3/python3.4/lib/python3.4/site-packages/django/shortcuts.py", line 50, in render
    return HttpResponse(loader.render_to_string(*args, **kwargs),
  File "/home/avazzano/virtualenvs3/python3.4/lib/python3.4/site-packages/django/template/loader.py", line 178, in render_to_string
    return t.render(context_instance)
  File "/home/avazzano/virtualenvs3/python3.4/lib/python3.4/site-packages/django/template/base.py", line 148, in render
    return self._render(context)
  File "/home/avazzano/virtualenvs3/python3.4/lib/python3.4/site-packages/django/template/base.py", line 142, in _render
    return self.nodelist.render(context)
  File "/home/avazzano/virtualenvs3/python3.4/lib/python3.4/site-packages/django/template/base.py", line 844, in render
    bit = self.render_node(node, context)
  File "/home/avazzano/virtualenvs3/python3.4/lib/python3.4/site-packages/django/template/debug.py", line 80, in render_node
    return node.render(context)
  File "/home/avazzano/virtualenvs3/python3.4/lib/python3.4/site-packages/django/template/loader_tags.py", line 126, in render
    return compiled_parent._render(context)
  File "/home/avazzano/virtualenvs3/python3.4/lib/python3.4/site-packages/django/template/base.py", line 142, in _render
    return self.nodelist.render(context)
  File "/home/avazzano/virtualenvs3/python3.4/lib/python3.4/site-packages/django/template/base.py", line 844, in render
    bit = self.render_node(node, context)
  File "/home/avazzano/virtualenvs3/python3.4/lib/python3.4/site-packages/django/template/debug.py", line 80, in render_node
    return node.render(context)
  File "/home/avazzano/virtualenvs3/python3.4/lib/python3.4/site-packages/django/template/loader_tags.py", line 126, in render
    return compiled_parent._render(context)
  File "/home/avazzano/virtualenvs3/python3.4/lib/python3.4/site-packages/django/template/base.py", line 142, in _render
    return self.nodelist.render(context)
  File "/home/avazzano/virtualenvs3/python3.4/lib/python3.4/site-packages/django/template/base.py", line 844, in render
    bit = self.render_node(node, context)
  File "/home/avazzano/virtualenvs3/python3.4/lib/python3.4/site-packages/django/template/debug.py", line 80, in render_node
    return node.render(context)
  File "/home/avazzano/virtualenvs3/python3.4/lib/python3.4/site-packages/django/template/defaulttags.py", line 312, in render
    return nodelist.render(context)
  File "/home/avazzano/virtualenvs3/python3.4/lib/python3.4/site-packages/django/template/base.py", line 844, in render
    bit = self.render_node(node, context)
  File "/home/avazzano/virtualenvs3/python3.4/lib/python3.4/site-packages/django/template/debug.py", line 80, in render_node
    return node.render(context)
  File "/home/avazzano/virtualenvs3/python3.4/lib/python3.4/site-packages/django/template/loader_tags.py", line 65, in render
    result = block.nodelist.render(context)
  File "/home/avazzano/virtualenvs3/python3.4/lib/python3.4/site-packages/django/template/base.py", line 844, in render
    bit = self.render_node(node, context)
  File "/home/avazzano/virtualenvs3/python3.4/lib/python3.4/site-packages/django/template/debug.py", line 80, in render_node
    return node.render(context)
  File "/home/avazzano/virtualenvs3/python3.4/lib/python3.4/site-packages/django/template/loader_tags.py", line 65, in render
    result = block.nodelist.render(context)
  File "/home/avazzano/virtualenvs3/python3.4/lib/python3.4/site-packages/django/template/base.py", line 844, in render
    bit = self.render_node(node, context)
  File "/home/avazzano/virtualenvs3/python3.4/lib/python3.4/site-packages/django/template/debug.py", line 80, in render_node
    return node.render(context)
  File "/home/avazzano/virtualenvs3/python3.4/lib/python3.4/site-packages/django/template/base.py", line 1216, in render
    t = get_template(file_name)
  File "/home/avazzano/virtualenvs3/python3.4/lib/python3.4/site-packages/django/template/loader.py", line 144, in get_template
    template, origin = find_template(template_name, dirs)
  File "/home/avazzano/virtualenvs3/python3.4/lib/python3.4/site-packages/django/template/loader.py", line 132, in find_template
    source, display_name = loader(name, dirs)
  File "/home/avazzano/virtualenvs3/python3.4/lib/python3.4/site-packages/django/template/loader.py", line 44, in __call__
    return self.load_template(template_name, template_dirs)
  File "/home/avazzano/virtualenvs3/python3.4/lib/python3.4/site-packages/django/template/loader.py", line 50, in load_template
    template = get_template_from_string(source, origin, template_name)
  File "/home/avazzano/virtualenvs3/python3.4/lib/python3.4/site-packages/django/template/loader.py", line 156, in get_template_from_string
    return Template(source, origin, name)
  File "/home/avazzano/virtualenvs3/python3.4/lib/python3.4/site-packages/django/template/base.py", line 132, in __init__
    self.nodelist = compile_string(template_string, origin)
  File "/home/avazzano/virtualenvs3/python3.4/lib/python3.4/site-packages/django/template/base.py", line 162, in compile_string
    return parser.parse()
  File "/home/avazzano/virtualenvs3/python3.4/lib/python3.4/site-packages/django/template/base.py", line 290, in parse
    compiled_result = compile_func(self, token)
  File "/home/avazzano/virtualenvs3/python3.4/lib/python3.4/site-packages/django/template/defaulttags.py", line 975, in do_if
    nodelist = parser.parse(('elif', 'else', 'endif'))
  File "/home/avazzano/virtualenvs3/python3.4/lib/python3.4/site-packages/django/template/base.py", line 290, in parse
    compiled_result = compile_func(self, token)
  File "/home/avazzano/virtualenvs3/python3.4/lib/python3.4/site-packages/django/template/loader_tags.py", line 175, in do_block
    nodelist = parser.parse(('endblock',))
  File "/home/avazzano/virtualenvs3/python3.4/lib/python3.4/site-packages/django/template/base.py", line 288, in parse
    self.invalid_block_tag(token, command, parse_until)
  File "/home/avazzano/virtualenvs3/python3.4/lib/python3.4/site-packages/django/template/base.py", line 343, in invalid_block_tag
    (command, get_text_list(["'%s'" % p for p in parse_until])))
django.template.base.TemplateSyntaxError: Invalid block tag: 'trans', expected 'endblock'
[24/Feb/2015 18:11:59] INFO [sstuv:83] busqueda de expedientes en logger info
[24/Feb/2015 18:11:59] ERROR [sstuv:84] busqueda de expedientes en logger error
[24/Feb/2015 18:11:59] ERROR [django.request:231] Internal Server Error: /sig/expedientes/
Traceback (most recent call last):
  File "/home/avazzano/virtualenvs3/python3.4/lib/python3.4/site-packages/django/template/base.py", line 286, in parse
    compile_func = self.tags[command]
KeyError: 'trans'

During handling of the above exception, another exception occurred:

Traceback (most recent call last):
  File "/home/avazzano/virtualenvs3/python3.4/lib/python3.4/site-packages/django/core/handlers/base.py", line 111, in get_response
    response = wrapped_callback(request, *callback_args, **callback_kwargs)
  File "/home/avazzano/git/sstuv/documentos/views.py", line 85, in loadBusquedaExpediente
    return render(request, 'expedienteley_list.html', {'tipo' : 'Expediente'}, context_instance=RequestContext(request))
  File "/home/avazzano/virtualenvs3/python3.4/lib/python3.4/site-packages/django/shortcuts.py", line 50, in render
    return HttpResponse(loader.render_to_string(*args, **kwargs),
  File "/home/avazzano/virtualenvs3/python3.4/lib/python3.4/site-packages/django/template/loader.py", line 178, in render_to_string
    return t.render(context_instance)
  File "/home/avazzano/virtualenvs3/python3.4/lib/python3.4/site-packages/django/template/base.py", line 148, in render
    return self._render(context)
  File "/home/avazzano/virtualenvs3/python3.4/lib/python3.4/site-packages/django/template/base.py", line 142, in _render
    return self.nodelist.render(context)
  File "/home/avazzano/virtualenvs3/python3.4/lib/python3.4/site-packages/django/template/base.py", line 844, in render
    bit = self.render_node(node, context)
  File "/home/avazzano/virtualenvs3/python3.4/lib/python3.4/site-packages/django/template/debug.py", line 80, in render_node
    return node.render(context)
  File "/home/avazzano/virtualenvs3/python3.4/lib/python3.4/site-packages/django/template/loader_tags.py", line 126, in render
    return compiled_parent._render(context)
  File "/home/avazzano/virtualenvs3/python3.4/lib/python3.4/site-packages/django/template/base.py", line 142, in _render
    return self.nodelist.render(context)
  File "/home/avazzano/virtualenvs3/python3.4/lib/python3.4/site-packages/django/template/base.py", line 844, in render
    bit = self.render_node(node, context)
  File "/home/avazzano/virtualenvs3/python3.4/lib/python3.4/site-packages/django/template/debug.py", line 80, in render_node
    return node.render(context)
  File "/home/avazzano/virtualenvs3/python3.4/lib/python3.4/site-packages/django/template/loader_tags.py", line 126, in render
    return compiled_parent._render(context)
  File "/home/avazzano/virtualenvs3/python3.4/lib/python3.4/site-packages/django/template/base.py", line 142, in _render
    return self.nodelist.render(context)
  File "/home/avazzano/virtualenvs3/python3.4/lib/python3.4/site-packages/django/template/base.py", line 844, in render
    bit = self.render_node(node, context)
  File "/home/avazzano/virtualenvs3/python3.4/lib/python3.4/site-packages/django/template/debug.py", line 80, in render_node
    return node.render(context)
  File "/home/avazzano/virtualenvs3/python3.4/lib/python3.4/site-packages/django/template/defaulttags.py", line 312, in render
    return nodelist.render(context)
  File "/home/avazzano/virtualenvs3/python3.4/lib/python3.4/site-packages/django/template/base.py", line 844, in render
    bit = self.render_node(node, context)
  File "/home/avazzano/virtualenvs3/python3.4/lib/python3.4/site-packages/django/template/debug.py", line 80, in render_node
    return node.render(context)
  File "/home/avazzano/virtualenvs3/python3.4/lib/python3.4/site-packages/django/template/loader_tags.py", line 65, in render
    result = block.nodelist.render(context)
  File "/home/avazzano/virtualenvs3/python3.4/lib/python3.4/site-packages/django/template/base.py", line 844, in render
    bit = self.render_node(node, context)
  File "/home/avazzano/virtualenvs3/python3.4/lib/python3.4/site-packages/django/template/debug.py", line 80, in render_node
    return node.render(context)
  File "/home/avazzano/virtualenvs3/python3.4/lib/python3.4/site-packages/django/template/loader_tags.py", line 65, in render
    result = block.nodelist.render(context)
  File "/home/avazzano/virtualenvs3/python3.4/lib/python3.4/site-packages/django/template/base.py", line 844, in render
    bit = self.render_node(node, context)
  File "/home/avazzano/virtualenvs3/python3.4/lib/python3.4/site-packages/django/template/debug.py", line 80, in render_node
    return node.render(context)
  File "/home/avazzano/virtualenvs3/python3.4/lib/python3.4/site-packages/django/template/base.py", line 1216, in render
    t = get_template(file_name)
  File "/home/avazzano/virtualenvs3/python3.4/lib/python3.4/site-packages/django/template/loader.py", line 144, in get_template
    template, origin = find_template(template_name, dirs)
  File "/home/avazzano/virtualenvs3/python3.4/lib/python3.4/site-packages/django/template/loader.py", line 132, in find_template
    source, display_name = loader(name, dirs)
  File "/home/avazzano/virtualenvs3/python3.4/lib/python3.4/site-packages/django/template/loader.py", line 44, in __call__
    return self.load_template(template_name, template_dirs)
  File "/home/avazzano/virtualenvs3/python3.4/lib/python3.4/site-packages/django/template/loader.py", line 50, in load_template
    template = get_template_from_string(source, origin, template_name)
  File "/home/avazzano/virtualenvs3/python3.4/lib/python3.4/site-packages/django/template/loader.py", line 156, in get_template_from_string
    return Template(source, origin, name)
  File "/home/avazzano/virtualenvs3/python3.4/lib/python3.4/site-packages/django/template/base.py", line 132, in __init__
    self.nodelist = compile_string(template_string, origin)
  File "/home/avazzano/virtualenvs3/python3.4/lib/python3.4/site-packages/django/template/base.py", line 162, in compile_string
    return parser.parse()
  File "/home/avazzano/virtualenvs3/python3.4/lib/python3.4/site-packages/django/template/base.py", line 290, in parse
    compiled_result = compile_func(self, token)
  File "/home/avazzano/virtualenvs3/python3.4/lib/python3.4/site-packages/django/template/defaulttags.py", line 975, in do_if
    nodelist = parser.parse(('elif', 'else', 'endif'))
  File "/home/avazzano/virtualenvs3/python3.4/lib/python3.4/site-packages/django/template/base.py", line 290, in parse
    compiled_result = compile_func(self, token)
  File "/home/avazzano/virtualenvs3/python3.4/lib/python3.4/site-packages/django/template/loader_tags.py", line 175, in do_block
    nodelist = parser.parse(('endblock',))
  File "/home/avazzano/virtualenvs3/python3.4/lib/python3.4/site-packages/django/template/base.py", line 288, in parse
    self.invalid_block_tag(token, command, parse_until)
  File "/home/avazzano/virtualenvs3/python3.4/lib/python3.4/site-packages/django/template/base.py", line 343, in invalid_block_tag
    (command, get_text_list(["'%s'" % p for p in parse_until])))
django.template.base.TemplateSyntaxError: Invalid block tag: 'trans', expected 'endblock'
[24/Feb/2015 18:12:26] INFO [sstuv:83] busqueda de expedientes en logger info
[24/Feb/2015 18:12:26] ERROR [sstuv:84] busqueda de expedientes en logger error
[24/Feb/2015 18:12:35] INFO [sstuv:83] busqueda de expedientes en logger info
[24/Feb/2015 18:12:35] ERROR [sstuv:84] busqueda de expedientes en logger error
[24/Feb/2015 18:13:07] INFO [sstuv:83] busqueda de expedientes en logger info
[24/Feb/2015 18:13:07] ERROR [sstuv:84] busqueda de expedientes en logger error
[24/Feb/2015 18:13:14] INFO [sstuv:83] busqueda de expedientes en logger info
[24/Feb/2015 18:13:14] ERROR [sstuv:84] busqueda de expedientes en logger error
[25/Feb/2015 11:57:38] WARNING [django.request:143] Not Found: /favicon.ico
[25/Feb/2015 12:11:47] ERROR [django.request:231] Internal Server Error: /admin/auth/group/add/
Traceback (most recent call last):
  File "/home/avazzano/virtualenvs3/python3.4/lib/python3.4/site-packages/django/db/backends/utils.py", line 65, in execute
    return self.cursor.execute(sql, params)
psycopg2.IntegrityError: llave duplicada viola restricción de unicidad «auth_group_name_key»
DETAIL:  Ya existe la llave (name)=(Mesa de entrada).


The above exception was the direct cause of the following exception:

Traceback (most recent call last):
  File "/home/avazzano/virtualenvs3/python3.4/lib/python3.4/site-packages/django/core/handlers/base.py", line 111, in get_response
    response = wrapped_callback(request, *callback_args, **callback_kwargs)
  File "/home/avazzano/virtualenvs3/python3.4/lib/python3.4/site-packages/django/contrib/admin/options.py", line 583, in wrapper
    return self.admin_site.admin_view(view)(*args, **kwargs)
  File "/home/avazzano/virtualenvs3/python3.4/lib/python3.4/site-packages/django/utils/decorators.py", line 105, in _wrapped_view
    response = view_func(request, *args, **kwargs)
  File "/home/avazzano/virtualenvs3/python3.4/lib/python3.4/site-packages/django/views/decorators/cache.py", line 52, in _wrapped_view_func
    response = view_func(request, *args, **kwargs)
  File "/home/avazzano/virtualenvs3/python3.4/lib/python3.4/site-packages/django/contrib/admin/sites.py", line 206, in inner
    return view(request, *args, **kwargs)
  File "/home/avazzano/virtualenvs3/python3.4/lib/python3.4/site-packages/django/contrib/admin/options.py", line 1453, in add_view
    return self.changeform_view(request, None, form_url, extra_context)
  File "/home/avazzano/virtualenvs3/python3.4/lib/python3.4/site-packages/django/utils/decorators.py", line 29, in _wrapper
    return bound_func(*args, **kwargs)
  File "/home/avazzano/virtualenvs3/python3.4/lib/python3.4/site-packages/django/utils/decorators.py", line 105, in _wrapped_view
    response = view_func(request, *args, **kwargs)
  File "/home/avazzano/virtualenvs3/python3.4/lib/python3.4/site-packages/django/utils/decorators.py", line 25, in bound_func
    return func.__get__(self, type(self))(*args2, **kwargs2)
  File "/home/avazzano/virtualenvs3/python3.4/lib/python3.4/site-packages/django/db/transaction.py", line 394, in inner
    return func(*args, **kwargs)
  File "/home/avazzano/virtualenvs3/python3.4/lib/python3.4/site-packages/django/contrib/admin/options.py", line 1404, in changeform_view
    self.save_model(request, new_object, form, not add)
  File "/home/avazzano/virtualenvs3/python3.4/lib/python3.4/site-packages/django/contrib/admin/options.py", line 1045, in save_model
    obj.save()
  File "/home/avazzano/virtualenvs3/python3.4/lib/python3.4/site-packages/django/db/models/base.py", line 589, in save
    force_update=force_update, update_fields=update_fields)
  File "/home/avazzano/virtualenvs3/python3.4/lib/python3.4/site-packages/django/db/models/base.py", line 617, in save_base
    updated = self._save_table(raw, cls, force_insert, force_update, using, update_fields)
  File "/home/avazzano/virtualenvs3/python3.4/lib/python3.4/site-packages/django/db/models/base.py", line 698, in _save_table
    result = self._do_insert(cls._base_manager, using, fields, update_pk, raw)
  File "/home/avazzano/virtualenvs3/python3.4/lib/python3.4/site-packages/django/db/models/base.py", line 731, in _do_insert
    using=using, raw=raw)
  File "/home/avazzano/virtualenvs3/python3.4/lib/python3.4/site-packages/django/db/models/manager.py", line 92, in manager_method
    return getattr(self.get_queryset(), name)(*args, **kwargs)
  File "/home/avazzano/virtualenvs3/python3.4/lib/python3.4/site-packages/django/db/models/query.py", line 921, in _insert
    return query.get_compiler(using=using).execute_sql(return_id)
  File "/home/avazzano/virtualenvs3/python3.4/lib/python3.4/site-packages/django/db/models/sql/compiler.py", line 920, in execute_sql
    cursor.execute(sql, params)
  File "/home/avazzano/virtualenvs3/python3.4/lib/python3.4/site-packages/django/db/backends/utils.py", line 81, in execute
    return super(CursorDebugWrapper, self).execute(sql, params)
  File "/home/avazzano/virtualenvs3/python3.4/lib/python3.4/site-packages/django/db/backends/utils.py", line 65, in execute
    return self.cursor.execute(sql, params)
  File "/home/avazzano/virtualenvs3/python3.4/lib/python3.4/site-packages/django/db/utils.py", line 94, in __exit__
    six.reraise(dj_exc_type, dj_exc_value, traceback)
  File "/home/avazzano/virtualenvs3/python3.4/lib/python3.4/site-packages/django/utils/six.py", line 658, in reraise
    raise value.with_traceback(tb)
  File "/home/avazzano/virtualenvs3/python3.4/lib/python3.4/site-packages/django/db/backends/utils.py", line 65, in execute
    return self.cursor.execute(sql, params)
django.db.utils.IntegrityError: llave duplicada viola restricción de unicidad «auth_group_name_key»
DETAIL:  Ya existe la llave (name)=(Mesa de entrada).

[25/Feb/2015 14:01:21] INFO [sstuv:83] busqueda de expedientes en logger info
[25/Feb/2015 14:01:21] ERROR [sstuv:84] busqueda de expedientes en logger error
[25/Feb/2015 14:01:21] ERROR [django.request:231] Internal Server Error: /sig/expedientes/
Traceback (most recent call last):
  File "/home/avazzano/virtualenvs3/python3.4/lib/python3.4/site-packages/django/core/handlers/base.py", line 111, in get_response
    response = wrapped_callback(request, *callback_args, **callback_kwargs)
  File "/home/avazzano/git/sstuv/documentos/views.py", line 85, in loadBusquedaExpediente
    return render(request, 'expedienteley_list.html', {'tipo' : 'Expediente'}, context_instance=RequestContext(request))
  File "/home/avazzano/virtualenvs3/python3.4/lib/python3.4/site-packages/django/shortcuts.py", line 50, in render
    return HttpResponse(loader.render_to_string(*args, **kwargs),
  File "/home/avazzano/virtualenvs3/python3.4/lib/python3.4/site-packages/django/template/loader.py", line 178, in render_to_string
    return t.render(context_instance)
  File "/home/avazzano/virtualenvs3/python3.4/lib/python3.4/site-packages/django/template/base.py", line 148, in render
    return self._render(context)
  File "/home/avazzano/virtualenvs3/python3.4/lib/python3.4/site-packages/django/template/base.py", line 142, in _render
    return self.nodelist.render(context)
  File "/home/avazzano/virtualenvs3/python3.4/lib/python3.4/site-packages/django/template/base.py", line 844, in render
    bit = self.render_node(node, context)
  File "/home/avazzano/virtualenvs3/python3.4/lib/python3.4/site-packages/django/template/debug.py", line 80, in render_node
    return node.render(context)
  File "/home/avazzano/virtualenvs3/python3.4/lib/python3.4/site-packages/django/template/loader_tags.py", line 104, in render
    compiled_parent = self.get_parent(context)
  File "/home/avazzano/virtualenvs3/python3.4/lib/python3.4/site-packages/django/template/loader_tags.py", line 101, in get_parent
    return get_template(parent)
  File "/home/avazzano/virtualenvs3/python3.4/lib/python3.4/site-packages/django/template/loader.py", line 144, in get_template
    template, origin = find_template(template_name, dirs)
  File "/home/avazzano/virtualenvs3/python3.4/lib/python3.4/site-packages/django/template/loader.py", line 132, in find_template
    source, display_name = loader(name, dirs)
  File "/home/avazzano/virtualenvs3/python3.4/lib/python3.4/site-packages/django/template/loader.py", line 44, in __call__
    return self.load_template(template_name, template_dirs)
  File "/home/avazzano/virtualenvs3/python3.4/lib/python3.4/site-packages/django/template/loader.py", line 50, in load_template
    template = get_template_from_string(source, origin, template_name)
  File "/home/avazzano/virtualenvs3/python3.4/lib/python3.4/site-packages/django/template/loader.py", line 156, in get_template_from_string
    return Template(source, origin, name)
  File "/home/avazzano/virtualenvs3/python3.4/lib/python3.4/site-packages/django/template/base.py", line 132, in __init__
    self.nodelist = compile_string(template_string, origin)
  File "/home/avazzano/virtualenvs3/python3.4/lib/python3.4/site-packages/django/template/base.py", line 162, in compile_string
    return parser.parse()
  File "/home/avazzano/virtualenvs3/python3.4/lib/python3.4/site-packages/django/template/base.py", line 290, in parse
    compiled_result = compile_func(self, token)
  File "/home/avazzano/virtualenvs3/python3.4/lib/python3.4/site-packages/django/template/loader_tags.py", line 201, in do_extends
    nodelist = parser.parse()
  File "/home/avazzano/virtualenvs3/python3.4/lib/python3.4/site-packages/django/template/base.py", line 290, in parse
    compiled_result = compile_func(self, token)
  File "/home/avazzano/virtualenvs3/python3.4/lib/python3.4/site-packages/django/template/loader_tags.py", line 175, in do_block
    nodelist = parser.parse(('endblock',))
  File "/home/avazzano/virtualenvs3/python3.4/lib/python3.4/site-packages/django/template/base.py", line 290, in parse
    compiled_result = compile_func(self, token)
  File "/home/avazzano/virtualenvs3/python3.4/lib/python3.4/site-packages/django/template/loader_tags.py", line 175, in do_block
    nodelist = parser.parse(('endblock',))
  File "/home/avazzano/virtualenvs3/python3.4/lib/python3.4/site-packages/django/template/base.py", line 290, in parse
    compiled_result = compile_func(self, token)
  File "/home/avazzano/virtualenvs3/python3.4/lib/python3.4/site-packages/django/template/base.py", line 1035, in generic_tag_compiler
    defaults, takes_context, name)
  File "/home/avazzano/virtualenvs3/python3.4/lib/python3.4/site-packages/django/template/base.py", line 1024, in parse_bits
    (name, ", ".join("'%s'" % p for p in unhandled_params)))
django.template.base.TemplateSyntaxError: 'menu' did not receive value(s) for the argument(s): 'request'
[25/Feb/2015 14:03:13] INFO [sstuv:83] busqueda de expedientes en logger info
[25/Feb/2015 14:03:13] ERROR [sstuv:84] busqueda de expedientes en logger error
[25/Feb/2015 14:03:13] ERROR [django.request:231] Internal Server Error: /sig/expedientes/
Traceback (most recent call last):
  File "/home/avazzano/virtualenvs3/python3.4/lib/python3.4/site-packages/django/core/handlers/base.py", line 111, in get_response
    response = wrapped_callback(request, *callback_args, **callback_kwargs)
  File "/home/avazzano/git/sstuv/documentos/views.py", line 85, in loadBusquedaExpediente
    return render(request, 'expedienteley_list.html', {'tipo' : 'Expediente'}, context_instance=RequestContext(request))
  File "/home/avazzano/virtualenvs3/python3.4/lib/python3.4/site-packages/django/shortcuts.py", line 50, in render
    return HttpResponse(loader.render_to_string(*args, **kwargs),
  File "/home/avazzano/virtualenvs3/python3.4/lib/python3.4/site-packages/django/template/loader.py", line 178, in render_to_string
    return t.render(context_instance)
  File "/home/avazzano/virtualenvs3/python3.4/lib/python3.4/site-packages/django/template/base.py", line 148, in render
    return self._render(context)
  File "/home/avazzano/virtualenvs3/python3.4/lib/python3.4/site-packages/django/template/base.py", line 142, in _render
    return self.nodelist.render(context)
  File "/home/avazzano/virtualenvs3/python3.4/lib/python3.4/site-packages/django/template/base.py", line 844, in render
    bit = self.render_node(node, context)
  File "/home/avazzano/virtualenvs3/python3.4/lib/python3.4/site-packages/django/template/debug.py", line 80, in render_node
    return node.render(context)
  File "/home/avazzano/virtualenvs3/python3.4/lib/python3.4/site-packages/django/template/loader_tags.py", line 104, in render
    compiled_parent = self.get_parent(context)
  File "/home/avazzano/virtualenvs3/python3.4/lib/python3.4/site-packages/django/template/loader_tags.py", line 101, in get_parent
    return get_template(parent)
  File "/home/avazzano/virtualenvs3/python3.4/lib/python3.4/site-packages/django/template/loader.py", line 144, in get_template
    template, origin = find_template(template_name, dirs)
  File "/home/avazzano/virtualenvs3/python3.4/lib/python3.4/site-packages/django/template/loader.py", line 132, in find_template
    source, display_name = loader(name, dirs)
  File "/home/avazzano/virtualenvs3/python3.4/lib/python3.4/site-packages/django/template/loader.py", line 44, in __call__
    return self.load_template(template_name, template_dirs)
  File "/home/avazzano/virtualenvs3/python3.4/lib/python3.4/site-packages/django/template/loader.py", line 50, in load_template
    template = get_template_from_string(source, origin, template_name)
  File "/home/avazzano/virtualenvs3/python3.4/lib/python3.4/site-packages/django/template/loader.py", line 156, in get_template_from_string
    return Template(source, origin, name)
  File "/home/avazzano/virtualenvs3/python3.4/lib/python3.4/site-packages/django/template/base.py", line 132, in __init__
    self.nodelist = compile_string(template_string, origin)
  File "/home/avazzano/virtualenvs3/python3.4/lib/python3.4/site-packages/django/template/base.py", line 162, in compile_string
    return parser.parse()
  File "/home/avazzano/virtualenvs3/python3.4/lib/python3.4/site-packages/django/template/base.py", line 290, in parse
    compiled_result = compile_func(self, token)
  File "/home/avazzano/virtualenvs3/python3.4/lib/python3.4/site-packages/django/template/loader_tags.py", line 201, in do_extends
    nodelist = parser.parse()
  File "/home/avazzano/virtualenvs3/python3.4/lib/python3.4/site-packages/django/template/base.py", line 290, in parse
    compiled_result = compile_func(self, token)
  File "/home/avazzano/virtualenvs3/python3.4/lib/python3.4/site-packages/django/template/loader_tags.py", line 175, in do_block
    nodelist = parser.parse(('endblock',))
  File "/home/avazzano/virtualenvs3/python3.4/lib/python3.4/site-packages/django/template/base.py", line 290, in parse
    compiled_result = compile_func(self, token)
  File "/home/avazzano/virtualenvs3/python3.4/lib/python3.4/site-packages/django/template/loader_tags.py", line 175, in do_block
    nodelist = parser.parse(('endblock',))
  File "/home/avazzano/virtualenvs3/python3.4/lib/python3.4/site-packages/django/template/base.py", line 290, in parse
    compiled_result = compile_func(self, token)
  File "/home/avazzano/virtualenvs3/python3.4/lib/python3.4/site-packages/django/template/base.py", line 1035, in generic_tag_compiler
    defaults, takes_context, name)
  File "/home/avazzano/virtualenvs3/python3.4/lib/python3.4/site-packages/django/template/base.py", line 1024, in parse_bits
    (name, ", ".join("'%s'" % p for p in unhandled_params)))
django.template.base.TemplateSyntaxError: 'menu' did not receive value(s) for the argument(s): 'request'
[25/Feb/2015 14:03:38] INFO [sstuv:83] busqueda de expedientes en logger info
[25/Feb/2015 14:03:38] ERROR [sstuv:84] busqueda de expedientes en logger error
[25/Feb/2015 14:03:38] ERROR [django.request:231] Internal Server Error: /sig/expedientes/
Traceback (most recent call last):
  File "/home/avazzano/virtualenvs3/python3.4/lib/python3.4/site-packages/django/core/handlers/base.py", line 111, in get_response
    response = wrapped_callback(request, *callback_args, **callback_kwargs)
  File "/home/avazzano/git/sstuv/documentos/views.py", line 85, in loadBusquedaExpediente
    return render(request, 'expedienteley_list.html', {'tipo' : 'Expediente'}, context_instance=RequestContext(request))
  File "/home/avazzano/virtualenvs3/python3.4/lib/python3.4/site-packages/django/shortcuts.py", line 50, in render
    return HttpResponse(loader.render_to_string(*args, **kwargs),
  File "/home/avazzano/virtualenvs3/python3.4/lib/python3.4/site-packages/django/template/loader.py", line 178, in render_to_string
    return t.render(context_instance)
  File "/home/avazzano/virtualenvs3/python3.4/lib/python3.4/site-packages/django/template/base.py", line 148, in render
    return self._render(context)
  File "/home/avazzano/virtualenvs3/python3.4/lib/python3.4/site-packages/django/template/base.py", line 142, in _render
    return self.nodelist.render(context)
  File "/home/avazzano/virtualenvs3/python3.4/lib/python3.4/site-packages/django/template/base.py", line 844, in render
    bit = self.render_node(node, context)
  File "/home/avazzano/virtualenvs3/python3.4/lib/python3.4/site-packages/django/template/debug.py", line 80, in render_node
    return node.render(context)
  File "/home/avazzano/virtualenvs3/python3.4/lib/python3.4/site-packages/django/template/loader_tags.py", line 126, in render
    return compiled_parent._render(context)
  File "/home/avazzano/virtualenvs3/python3.4/lib/python3.4/site-packages/django/template/base.py", line 142, in _render
    return self.nodelist.render(context)
  File "/home/avazzano/virtualenvs3/python3.4/lib/python3.4/site-packages/django/template/base.py", line 844, in render
    bit = self.render_node(node, context)
  File "/home/avazzano/virtualenvs3/python3.4/lib/python3.4/site-packages/django/template/debug.py", line 80, in render_node
    return node.render(context)
  File "/home/avazzano/virtualenvs3/python3.4/lib/python3.4/site-packages/django/template/loader_tags.py", line 126, in render
    return compiled_parent._render(context)
  File "/home/avazzano/virtualenvs3/python3.4/lib/python3.4/site-packages/django/template/base.py", line 142, in _render
    return self.nodelist.render(context)
  File "/home/avazzano/virtualenvs3/python3.4/lib/python3.4/site-packages/django/template/base.py", line 844, in render
    bit = self.render_node(node, context)
  File "/home/avazzano/virtualenvs3/python3.4/lib/python3.4/site-packages/django/template/debug.py", line 80, in render_node
    return node.render(context)
  File "/home/avazzano/virtualenvs3/python3.4/lib/python3.4/site-packages/django/template/defaulttags.py", line 312, in render
    return nodelist.render(context)
  File "/home/avazzano/virtualenvs3/python3.4/lib/python3.4/site-packages/django/template/base.py", line 844, in render
    bit = self.render_node(node, context)
  File "/home/avazzano/virtualenvs3/python3.4/lib/python3.4/site-packages/django/template/debug.py", line 80, in render_node
    return node.render(context)
  File "/home/avazzano/virtualenvs3/python3.4/lib/python3.4/site-packages/django/template/loader_tags.py", line 65, in render
    result = block.nodelist.render(context)
  File "/home/avazzano/virtualenvs3/python3.4/lib/python3.4/site-packages/django/template/base.py", line 844, in render
    bit = self.render_node(node, context)
  File "/home/avazzano/virtualenvs3/python3.4/lib/python3.4/site-packages/django/template/debug.py", line 80, in render_node
    return node.render(context)
  File "/home/avazzano/virtualenvs3/python3.4/lib/python3.4/site-packages/django/template/loader_tags.py", line 65, in render
    result = block.nodelist.render(context)
  File "/home/avazzano/virtualenvs3/python3.4/lib/python3.4/site-packages/django/template/base.py", line 844, in render
    bit = self.render_node(node, context)
  File "/home/avazzano/virtualenvs3/python3.4/lib/python3.4/site-packages/django/template/debug.py", line 80, in render_node
    return node.render(context)
  File "/home/avazzano/virtualenvs3/python3.4/lib/python3.4/site-packages/django/template/base.py", line 1207, in render
    _dict = func(*resolved_args, **resolved_kwargs)
  File "/home/avazzano/git/sstuv/documentos/templatetags/tags.py", line 11, in menu
    print(context['request'].user)
NameError: name 'context' is not defined
[25/Feb/2015 14:06:35] INFO [sstuv:83] busqueda de expedientes en logger info
[25/Feb/2015 14:06:35] ERROR [sstuv:84] busqueda de expedientes en logger error
[25/Feb/2015 14:13:51] INFO [sstuv:83] busqueda de expedientes en logger info
[25/Feb/2015 14:13:51] ERROR [sstuv:84] busqueda de expedientes en logger error
[25/Feb/2015 14:13:51] ERROR [django.request:231] Internal Server Error: /sig/expedientes/
Traceback (most recent call last):
  File "/home/avazzano/virtualenvs3/python3.4/lib/python3.4/site-packages/django/core/handlers/base.py", line 111, in get_response
    response = wrapped_callback(request, *callback_args, **callback_kwargs)
  File "/home/avazzano/git/sstuv/documentos/views.py", line 85, in loadBusquedaExpediente
    return render(request, 'expedienteley_list.html', {'tipo' : 'Expediente'}, context_instance=RequestContext(request))
  File "/home/avazzano/virtualenvs3/python3.4/lib/python3.4/site-packages/django/shortcuts.py", line 50, in render
    return HttpResponse(loader.render_to_string(*args, **kwargs),
  File "/home/avazzano/virtualenvs3/python3.4/lib/python3.4/site-packages/django/template/loader.py", line 178, in render_to_string
    return t.render(context_instance)
  File "/home/avazzano/virtualenvs3/python3.4/lib/python3.4/site-packages/django/template/base.py", line 148, in render
    return self._render(context)
  File "/home/avazzano/virtualenvs3/python3.4/lib/python3.4/site-packages/django/template/base.py", line 142, in _render
    return self.nodelist.render(context)
  File "/home/avazzano/virtualenvs3/python3.4/lib/python3.4/site-packages/django/template/base.py", line 844, in render
    bit = self.render_node(node, context)
  File "/home/avazzano/virtualenvs3/python3.4/lib/python3.4/site-packages/django/template/debug.py", line 80, in render_node
    return node.render(context)
  File "/home/avazzano/virtualenvs3/python3.4/lib/python3.4/site-packages/django/template/loader_tags.py", line 126, in render
    return compiled_parent._render(context)
  File "/home/avazzano/virtualenvs3/python3.4/lib/python3.4/site-packages/django/template/base.py", line 142, in _render
    return self.nodelist.render(context)
  File "/home/avazzano/virtualenvs3/python3.4/lib/python3.4/site-packages/django/template/base.py", line 844, in render
    bit = self.render_node(node, context)
  File "/home/avazzano/virtualenvs3/python3.4/lib/python3.4/site-packages/django/template/debug.py", line 80, in render_node
    return node.render(context)
  File "/home/avazzano/virtualenvs3/python3.4/lib/python3.4/site-packages/django/template/loader_tags.py", line 126, in render
    return compiled_parent._render(context)
  File "/home/avazzano/virtualenvs3/python3.4/lib/python3.4/site-packages/django/template/base.py", line 142, in _render
    return self.nodelist.render(context)
  File "/home/avazzano/virtualenvs3/python3.4/lib/python3.4/site-packages/django/template/base.py", line 844, in render
    bit = self.render_node(node, context)
  File "/home/avazzano/virtualenvs3/python3.4/lib/python3.4/site-packages/django/template/debug.py", line 80, in render_node
    return node.render(context)
  File "/home/avazzano/virtualenvs3/python3.4/lib/python3.4/site-packages/django/template/defaulttags.py", line 312, in render
    return nodelist.render(context)
  File "/home/avazzano/virtualenvs3/python3.4/lib/python3.4/site-packages/django/template/base.py", line 844, in render
    bit = self.render_node(node, context)
  File "/home/avazzano/virtualenvs3/python3.4/lib/python3.4/site-packages/django/template/debug.py", line 80, in render_node
    return node.render(context)
  File "/home/avazzano/virtualenvs3/python3.4/lib/python3.4/site-packages/django/template/loader_tags.py", line 65, in render
    result = block.nodelist.render(context)
  File "/home/avazzano/virtualenvs3/python3.4/lib/python3.4/site-packages/django/template/base.py", line 844, in render
    bit = self.render_node(node, context)
  File "/home/avazzano/virtualenvs3/python3.4/lib/python3.4/site-packages/django/template/debug.py", line 80, in render_node
    return node.render(context)
  File "/home/avazzano/virtualenvs3/python3.4/lib/python3.4/site-packages/django/template/loader_tags.py", line 65, in render
    result = block.nodelist.render(context)
  File "/home/avazzano/virtualenvs3/python3.4/lib/python3.4/site-packages/django/template/base.py", line 844, in render
    bit = self.render_node(node, context)
  File "/home/avazzano/virtualenvs3/python3.4/lib/python3.4/site-packages/django/template/debug.py", line 80, in render_node
    return node.render(context)
  File "/home/avazzano/virtualenvs3/python3.4/lib/python3.4/site-packages/django/template/base.py", line 1207, in render
    _dict = func(*resolved_args, **resolved_kwargs)
  File "/home/avazzano/git/sstuv/documentos/templatetags/tags.py", line 11, in menu
    print(user.groups)
  File "/home/avazzano/virtualenvs3/python3.4/lib/python3.4/site-packages/django/db/models/manager.py", line 81, in __str__
    in opts.concrete_managers + opts.abstract_managers
StopIteration
[25/Feb/2015 14:14:16] INFO [sstuv:83] busqueda de expedientes en logger info
[25/Feb/2015 14:14:16] ERROR [sstuv:84] busqueda de expedientes en logger error
[25/Feb/2015 14:14:16] ERROR [django.request:231] Internal Server Error: /sig/expedientes/
Traceback (most recent call last):
  File "/home/avazzano/virtualenvs3/python3.4/lib/python3.4/site-packages/django/core/handlers/base.py", line 111, in get_response
    response = wrapped_callback(request, *callback_args, **callback_kwargs)
  File "/home/avazzano/git/sstuv/documentos/views.py", line 85, in loadBusquedaExpediente
    return render(request, 'expedienteley_list.html', {'tipo' : 'Expediente'}, context_instance=RequestContext(request))
  File "/home/avazzano/virtualenvs3/python3.4/lib/python3.4/site-packages/django/shortcuts.py", line 50, in render
    return HttpResponse(loader.render_to_string(*args, **kwargs),
  File "/home/avazzano/virtualenvs3/python3.4/lib/python3.4/site-packages/django/template/loader.py", line 178, in render_to_string
    return t.render(context_instance)
  File "/home/avazzano/virtualenvs3/python3.4/lib/python3.4/site-packages/django/template/base.py", line 148, in render
    return self._render(context)
  File "/home/avazzano/virtualenvs3/python3.4/lib/python3.4/site-packages/django/template/base.py", line 142, in _render
    return self.nodelist.render(context)
  File "/home/avazzano/virtualenvs3/python3.4/lib/python3.4/site-packages/django/template/base.py", line 844, in render
    bit = self.render_node(node, context)
  File "/home/avazzano/virtualenvs3/python3.4/lib/python3.4/site-packages/django/template/debug.py", line 80, in render_node
    return node.render(context)
  File "/home/avazzano/virtualenvs3/python3.4/lib/python3.4/site-packages/django/template/loader_tags.py", line 126, in render
    return compiled_parent._render(context)
  File "/home/avazzano/virtualenvs3/python3.4/lib/python3.4/site-packages/django/template/base.py", line 142, in _render
    return self.nodelist.render(context)
  File "/home/avazzano/virtualenvs3/python3.4/lib/python3.4/site-packages/django/template/base.py", line 844, in render
    bit = self.render_node(node, context)
  File "/home/avazzano/virtualenvs3/python3.4/lib/python3.4/site-packages/django/template/debug.py", line 80, in render_node
    return node.render(context)
  File "/home/avazzano/virtualenvs3/python3.4/lib/python3.4/site-packages/django/template/loader_tags.py", line 126, in render
    return compiled_parent._render(context)
  File "/home/avazzano/virtualenvs3/python3.4/lib/python3.4/site-packages/django/template/base.py", line 142, in _render
    return self.nodelist.render(context)
  File "/home/avazzano/virtualenvs3/python3.4/lib/python3.4/site-packages/django/template/base.py", line 844, in render
    bit = self.render_node(node, context)
  File "/home/avazzano/virtualenvs3/python3.4/lib/python3.4/site-packages/django/template/debug.py", line 80, in render_node
    return node.render(context)
  File "/home/avazzano/virtualenvs3/python3.4/lib/python3.4/site-packages/django/template/defaulttags.py", line 312, in render
    return nodelist.render(context)
  File "/home/avazzano/virtualenvs3/python3.4/lib/python3.4/site-packages/django/template/base.py", line 844, in render
    bit = self.render_node(node, context)
  File "/home/avazzano/virtualenvs3/python3.4/lib/python3.4/site-packages/django/template/debug.py", line 80, in render_node
    return node.render(context)
  File "/home/avazzano/virtualenvs3/python3.4/lib/python3.4/site-packages/django/template/loader_tags.py", line 65, in render
    result = block.nodelist.render(context)
  File "/home/avazzano/virtualenvs3/python3.4/lib/python3.4/site-packages/django/template/base.py", line 844, in render
    bit = self.render_node(node, context)
  File "/home/avazzano/virtualenvs3/python3.4/lib/python3.4/site-packages/django/template/debug.py", line 80, in render_node
    return node.render(context)
  File "/home/avazzano/virtualenvs3/python3.4/lib/python3.4/site-packages/django/template/loader_tags.py", line 65, in render
    result = block.nodelist.render(context)
  File "/home/avazzano/virtualenvs3/python3.4/lib/python3.4/site-packages/django/template/base.py", line 844, in render
    bit = self.render_node(node, context)
  File "/home/avazzano/virtualenvs3/python3.4/lib/python3.4/site-packages/django/template/debug.py", line 80, in render_node
    return node.render(context)
  File "/home/avazzano/virtualenvs3/python3.4/lib/python3.4/site-packages/django/template/base.py", line 1207, in render
    _dict = func(*resolved_args, **resolved_kwargs)
  File "/home/avazzano/git/sstuv/documentos/templatetags/tags.py", line 11, in menu
    print(user.group)
  File "/home/avazzano/virtualenvs3/python3.4/lib/python3.4/site-packages/django/utils/functional.py", line 225, in inner
    return func(self._wrapped, *args)
AttributeError: 'User' object has no attribute 'group'
[25/Feb/2015 14:14:23] INFO [sstuv:83] busqueda de expedientes en logger info
[25/Feb/2015 14:14:23] ERROR [sstuv:84] busqueda de expedientes en logger error
[25/Feb/2015 14:14:23] ERROR [django.request:231] Internal Server Error: /sig/expedientes/
Traceback (most recent call last):
  File "/home/avazzano/virtualenvs3/python3.4/lib/python3.4/site-packages/django/core/handlers/base.py", line 111, in get_response
    response = wrapped_callback(request, *callback_args, **callback_kwargs)
  File "/home/avazzano/git/sstuv/documentos/views.py", line 85, in loadBusquedaExpediente
    return render(request, 'expedienteley_list.html', {'tipo' : 'Expediente'}, context_instance=RequestContext(request))
  File "/home/avazzano/virtualenvs3/python3.4/lib/python3.4/site-packages/django/shortcuts.py", line 50, in render
    return HttpResponse(loader.render_to_string(*args, **kwargs),
  File "/home/avazzano/virtualenvs3/python3.4/lib/python3.4/site-packages/django/template/loader.py", line 178, in render_to_string
    return t.render(context_instance)
  File "/home/avazzano/virtualenvs3/python3.4/lib/python3.4/site-packages/django/template/base.py", line 148, in render
    return self._render(context)
  File "/home/avazzano/virtualenvs3/python3.4/lib/python3.4/site-packages/django/template/base.py", line 142, in _render
    return self.nodelist.render(context)
  File "/home/avazzano/virtualenvs3/python3.4/lib/python3.4/site-packages/django/template/base.py", line 844, in render
    bit = self.render_node(node, context)
  File "/home/avazzano/virtualenvs3/python3.4/lib/python3.4/site-packages/django/template/debug.py", line 80, in render_node
    return node.render(context)
  File "/home/avazzano/virtualenvs3/python3.4/lib/python3.4/site-packages/django/template/loader_tags.py", line 126, in render
    return compiled_parent._render(context)
  File "/home/avazzano/virtualenvs3/python3.4/lib/python3.4/site-packages/django/template/base.py", line 142, in _render
    return self.nodelist.render(context)
  File "/home/avazzano/virtualenvs3/python3.4/lib/python3.4/site-packages/django/template/base.py", line 844, in render
    bit = self.render_node(node, context)
  File "/home/avazzano/virtualenvs3/python3.4/lib/python3.4/site-packages/django/template/debug.py", line 80, in render_node
    return node.render(context)
  File "/home/avazzano/virtualenvs3/python3.4/lib/python3.4/site-packages/django/template/loader_tags.py", line 126, in render
    return compiled_parent._render(context)
  File "/home/avazzano/virtualenvs3/python3.4/lib/python3.4/site-packages/django/template/base.py", line 142, in _render
    return self.nodelist.render(context)
  File "/home/avazzano/virtualenvs3/python3.4/lib/python3.4/site-packages/django/template/base.py", line 844, in render
    bit = self.render_node(node, context)
  File "/home/avazzano/virtualenvs3/python3.4/lib/python3.4/site-packages/django/template/debug.py", line 80, in render_node
    return node.render(context)
  File "/home/avazzano/virtualenvs3/python3.4/lib/python3.4/site-packages/django/template/defaulttags.py", line 312, in render
    return nodelist.render(context)
  File "/home/avazzano/virtualenvs3/python3.4/lib/python3.4/site-packages/django/template/base.py", line 844, in render
    bit = self.render_node(node, context)
  File "/home/avazzano/virtualenvs3/python3.4/lib/python3.4/site-packages/django/template/debug.py", line 80, in render_node
    return node.render(context)
  File "/home/avazzano/virtualenvs3/python3.4/lib/python3.4/site-packages/django/template/loader_tags.py", line 65, in render
    result = block.nodelist.render(context)
  File "/home/avazzano/virtualenvs3/python3.4/lib/python3.4/site-packages/django/template/base.py", line 844, in render
    bit = self.render_node(node, context)
  File "/home/avazzano/virtualenvs3/python3.4/lib/python3.4/site-packages/django/template/debug.py", line 80, in render_node
    return node.render(context)
  File "/home/avazzano/virtualenvs3/python3.4/lib/python3.4/site-packages/django/template/loader_tags.py", line 65, in render
    result = block.nodelist.render(context)
  File "/home/avazzano/virtualenvs3/python3.4/lib/python3.4/site-packages/django/template/base.py", line 844, in render
    bit = self.render_node(node, context)
  File "/home/avazzano/virtualenvs3/python3.4/lib/python3.4/site-packages/django/template/debug.py", line 80, in render_node
    return node.render(context)
  File "/home/avazzano/virtualenvs3/python3.4/lib/python3.4/site-packages/django/template/base.py", line 1207, in render
    _dict = func(*resolved_args, **resolved_kwargs)
  File "/home/avazzano/git/sstuv/documentos/templatetags/tags.py", line 11, in menu
    print(user)
  File "/home/avazzano/virtualenvs3/python3.4/lib/python3.4/site-packages/django/utils/functional.py", line 225, in inner
    return func(self._wrapped, *args)
AttributeError: 'User' object has no attribute 'group'
[25/Feb/2015 14:14:24] INFO [sstuv:83] busqueda de expedientes en logger info
[25/Feb/2015 14:14:24] ERROR [sstuv:84] busqueda de expedientes en logger error
[25/Feb/2015 14:14:24] ERROR [django.request:231] Internal Server Error: /sig/expedientes/
Traceback (most recent call last):
  File "/home/avazzano/virtualenvs3/python3.4/lib/python3.4/site-packages/django/core/handlers/base.py", line 111, in get_response
    response = wrapped_callback(request, *callback_args, **callback_kwargs)
  File "/home/avazzano/git/sstuv/documentos/views.py", line 85, in loadBusquedaExpediente
    return render(request, 'expedienteley_list.html', {'tipo' : 'Expediente'}, context_instance=RequestContext(request))
  File "/home/avazzano/virtualenvs3/python3.4/lib/python3.4/site-packages/django/shortcuts.py", line 50, in render
    return HttpResponse(loader.render_to_string(*args, **kwargs),
  File "/home/avazzano/virtualenvs3/python3.4/lib/python3.4/site-packages/django/template/loader.py", line 178, in render_to_string
    return t.render(context_instance)
  File "/home/avazzano/virtualenvs3/python3.4/lib/python3.4/site-packages/django/template/base.py", line 148, in render
    return self._render(context)
  File "/home/avazzano/virtualenvs3/python3.4/lib/python3.4/site-packages/django/template/base.py", line 142, in _render
    return self.nodelist.render(context)
  File "/home/avazzano/virtualenvs3/python3.4/lib/python3.4/site-packages/django/template/base.py", line 844, in render
    bit = self.render_node(node, context)
  File "/home/avazzano/virtualenvs3/python3.4/lib/python3.4/site-packages/django/template/debug.py", line 80, in render_node
    return node.render(context)
  File "/home/avazzano/virtualenvs3/python3.4/lib/python3.4/site-packages/django/template/loader_tags.py", line 126, in render
    return compiled_parent._render(context)
  File "/home/avazzano/virtualenvs3/python3.4/lib/python3.4/site-packages/django/template/base.py", line 142, in _render
    return self.nodelist.render(context)
  File "/home/avazzano/virtualenvs3/python3.4/lib/python3.4/site-packages/django/template/base.py", line 844, in render
    bit = self.render_node(node, context)
  File "/home/avazzano/virtualenvs3/python3.4/lib/python3.4/site-packages/django/template/debug.py", line 80, in render_node
    return node.render(context)
  File "/home/avazzano/virtualenvs3/python3.4/lib/python3.4/site-packages/django/template/loader_tags.py", line 126, in render
    return compiled_parent._render(context)
  File "/home/avazzano/virtualenvs3/python3.4/lib/python3.4/site-packages/django/template/base.py", line 142, in _render
    return self.nodelist.render(context)
  File "/home/avazzano/virtualenvs3/python3.4/lib/python3.4/site-packages/django/template/base.py", line 844, in render
    bit = self.render_node(node, context)
  File "/home/avazzano/virtualenvs3/python3.4/lib/python3.4/site-packages/django/template/debug.py", line 80, in render_node
    return node.render(context)
  File "/home/avazzano/virtualenvs3/python3.4/lib/python3.4/site-packages/django/template/defaulttags.py", line 312, in render
    return nodelist.render(context)
  File "/home/avazzano/virtualenvs3/python3.4/lib/python3.4/site-packages/django/template/base.py", line 844, in render
    bit = self.render_node(node, context)
  File "/home/avazzano/virtualenvs3/python3.4/lib/python3.4/site-packages/django/template/debug.py", line 80, in render_node
    return node.render(context)
  File "/home/avazzano/virtualenvs3/python3.4/lib/python3.4/site-packages/django/template/loader_tags.py", line 65, in render
    result = block.nodelist.render(context)
  File "/home/avazzano/virtualenvs3/python3.4/lib/python3.4/site-packages/django/template/base.py", line 844, in render
    bit = self.render_node(node, context)
  File "/home/avazzano/virtualenvs3/python3.4/lib/python3.4/site-packages/django/template/debug.py", line 80, in render_node
    return node.render(context)
  File "/home/avazzano/virtualenvs3/python3.4/lib/python3.4/site-packages/django/template/loader_tags.py", line 65, in render
    result = block.nodelist.render(context)
  File "/home/avazzano/virtualenvs3/python3.4/lib/python3.4/site-packages/django/template/base.py", line 844, in render
    bit = self.render_node(node, context)
  File "/home/avazzano/virtualenvs3/python3.4/lib/python3.4/site-packages/django/template/debug.py", line 80, in render_node
    return node.render(context)
  File "/home/avazzano/virtualenvs3/python3.4/lib/python3.4/site-packages/django/template/base.py", line 1207, in render
    _dict = func(*resolved_args, **resolved_kwargs)
  File "/home/avazzano/git/sstuv/documentos/templatetags/tags.py", line 11, in menu
    print(user)
  File "/home/avazzano/virtualenvs3/python3.4/lib/python3.4/site-packages/django/utils/functional.py", line 225, in inner
    return func(self._wrapped, *args)
AttributeError: 'User' object has no attribute 'group'
[25/Feb/2015 14:14:25] INFO [sstuv:83] busqueda de expedientes en logger info
[25/Feb/2015 14:14:25] ERROR [sstuv:84] busqueda de expedientes en logger error
[25/Feb/2015 14:14:25] ERROR [django.request:231] Internal Server Error: /sig/expedientes/
Traceback (most recent call last):
  File "/home/avazzano/virtualenvs3/python3.4/lib/python3.4/site-packages/django/core/handlers/base.py", line 111, in get_response
    response = wrapped_callback(request, *callback_args, **callback_kwargs)
  File "/home/avazzano/git/sstuv/documentos/views.py", line 85, in loadBusquedaExpediente
    return render(request, 'expedienteley_list.html', {'tipo' : 'Expediente'}, context_instance=RequestContext(request))
  File "/home/avazzano/virtualenvs3/python3.4/lib/python3.4/site-packages/django/shortcuts.py", line 50, in render
    return HttpResponse(loader.render_to_string(*args, **kwargs),
  File "/home/avazzano/virtualenvs3/python3.4/lib/python3.4/site-packages/django/template/loader.py", line 178, in render_to_string
    return t.render(context_instance)
  File "/home/avazzano/virtualenvs3/python3.4/lib/python3.4/site-packages/django/template/base.py", line 148, in render
    return self._render(context)
  File "/home/avazzano/virtualenvs3/python3.4/lib/python3.4/site-packages/django/template/base.py", line 142, in _render
    return self.nodelist.render(context)
  File "/home/avazzano/virtualenvs3/python3.4/lib/python3.4/site-packages/django/template/base.py", line 844, in render
    bit = self.render_node(node, context)
  File "/home/avazzano/virtualenvs3/python3.4/lib/python3.4/site-packages/django/template/debug.py", line 80, in render_node
    return node.render(context)
  File "/home/avazzano/virtualenvs3/python3.4/lib/python3.4/site-packages/django/template/loader_tags.py", line 126, in render
    return compiled_parent._render(context)
  File "/home/avazzano/virtualenvs3/python3.4/lib/python3.4/site-packages/django/template/base.py", line 142, in _render
    return self.nodelist.render(context)
  File "/home/avazzano/virtualenvs3/python3.4/lib/python3.4/site-packages/django/template/base.py", line 844, in render
    bit = self.render_node(node, context)
  File "/home/avazzano/virtualenvs3/python3.4/lib/python3.4/site-packages/django/template/debug.py", line 80, in render_node
    return node.render(context)
  File "/home/avazzano/virtualenvs3/python3.4/lib/python3.4/site-packages/django/template/loader_tags.py", line 126, in render
    return compiled_parent._render(context)
  File "/home/avazzano/virtualenvs3/python3.4/lib/python3.4/site-packages/django/template/base.py", line 142, in _render
    return self.nodelist.render(context)
  File "/home/avazzano/virtualenvs3/python3.4/lib/python3.4/site-packages/django/template/base.py", line 844, in render
    bit = self.render_node(node, context)
  File "/home/avazzano/virtualenvs3/python3.4/lib/python3.4/site-packages/django/template/debug.py", line 80, in render_node
    return node.render(context)
  File "/home/avazzano/virtualenvs3/python3.4/lib/python3.4/site-packages/django/template/defaulttags.py", line 312, in render
    return nodelist.render(context)
  File "/home/avazzano/virtualenvs3/python3.4/lib/python3.4/site-packages/django/template/base.py", line 844, in render
    bit = self.render_node(node, context)
  File "/home/avazzano/virtualenvs3/python3.4/lib/python3.4/site-packages/django/template/debug.py", line 80, in render_node
    return node.render(context)
  File "/home/avazzano/virtualenvs3/python3.4/lib/python3.4/site-packages/django/template/loader_tags.py", line 65, in render
    result = block.nodelist.render(context)
  File "/home/avazzano/virtualenvs3/python3.4/lib/python3.4/site-packages/django/template/base.py", line 844, in render
    bit = self.render_node(node, context)
  File "/home/avazzano/virtualenvs3/python3.4/lib/python3.4/site-packages/django/template/debug.py", line 80, in render_node
    return node.render(context)
  File "/home/avazzano/virtualenvs3/python3.4/lib/python3.4/site-packages/django/template/loader_tags.py", line 65, in render
    result = block.nodelist.render(context)
  File "/home/avazzano/virtualenvs3/python3.4/lib/python3.4/site-packages/django/template/base.py", line 844, in render
    bit = self.render_node(node, context)
  File "/home/avazzano/virtualenvs3/python3.4/lib/python3.4/site-packages/django/template/debug.py", line 80, in render_node
    return node.render(context)
  File "/home/avazzano/virtualenvs3/python3.4/lib/python3.4/site-packages/django/template/base.py", line 1207, in render
    _dict = func(*resolved_args, **resolved_kwargs)
  File "/home/avazzano/git/sstuv/documentos/templatetags/tags.py", line 11, in menu
    print(user)
  File "/home/avazzano/virtualenvs3/python3.4/lib/python3.4/site-packages/django/utils/functional.py", line 225, in inner
    return func(self._wrapped, *args)
AttributeError: 'User' object has no attribute 'group'
[25/Feb/2015 14:14:25] INFO [sstuv:83] busqueda de expedientes en logger info
[25/Feb/2015 14:14:25] ERROR [sstuv:84] busqueda de expedientes en logger error
[25/Feb/2015 14:14:25] ERROR [django.request:231] Internal Server Error: /sig/expedientes/
Traceback (most recent call last):
  File "/home/avazzano/virtualenvs3/python3.4/lib/python3.4/site-packages/django/core/handlers/base.py", line 111, in get_response
    response = wrapped_callback(request, *callback_args, **callback_kwargs)
  File "/home/avazzano/git/sstuv/documentos/views.py", line 85, in loadBusquedaExpediente
    return render(request, 'expedienteley_list.html', {'tipo' : 'Expediente'}, context_instance=RequestContext(request))
  File "/home/avazzano/virtualenvs3/python3.4/lib/python3.4/site-packages/django/shortcuts.py", line 50, in render
    return HttpResponse(loader.render_to_string(*args, **kwargs),
  File "/home/avazzano/virtualenvs3/python3.4/lib/python3.4/site-packages/django/template/loader.py", line 178, in render_to_string
    return t.render(context_instance)
  File "/home/avazzano/virtualenvs3/python3.4/lib/python3.4/site-packages/django/template/base.py", line 148, in render
    return self._render(context)
  File "/home/avazzano/virtualenvs3/python3.4/lib/python3.4/site-packages/django/template/base.py", line 142, in _render
    return self.nodelist.render(context)
  File "/home/avazzano/virtualenvs3/python3.4/lib/python3.4/site-packages/django/template/base.py", line 844, in render
    bit = self.render_node(node, context)
  File "/home/avazzano/virtualenvs3/python3.4/lib/python3.4/site-packages/django/template/debug.py", line 80, in render_node
    return node.render(context)
  File "/home/avazzano/virtualenvs3/python3.4/lib/python3.4/site-packages/django/template/loader_tags.py", line 126, in render
    return compiled_parent._render(context)
  File "/home/avazzano/virtualenvs3/python3.4/lib/python3.4/site-packages/django/template/base.py", line 142, in _render
    return self.nodelist.render(context)
  File "/home/avazzano/virtualenvs3/python3.4/lib/python3.4/site-packages/django/template/base.py", line 844, in render
    bit = self.render_node(node, context)
  File "/home/avazzano/virtualenvs3/python3.4/lib/python3.4/site-packages/django/template/debug.py", line 80, in render_node
    return node.render(context)
  File "/home/avazzano/virtualenvs3/python3.4/lib/python3.4/site-packages/django/template/loader_tags.py", line 126, in render
    return compiled_parent._render(context)
  File "/home/avazzano/virtualenvs3/python3.4/lib/python3.4/site-packages/django/template/base.py", line 142, in _render
    return self.nodelist.render(context)
  File "/home/avazzano/virtualenvs3/python3.4/lib/python3.4/site-packages/django/template/base.py", line 844, in render
    bit = self.render_node(node, context)
  File "/home/avazzano/virtualenvs3/python3.4/lib/python3.4/site-packages/django/template/debug.py", line 80, in render_node
    return node.render(context)
  File "/home/avazzano/virtualenvs3/python3.4/lib/python3.4/site-packages/django/template/defaulttags.py", line 312, in render
    return nodelist.render(context)
  File "/home/avazzano/virtualenvs3/python3.4/lib/python3.4/site-packages/django/template/base.py", line 844, in render
    bit = self.render_node(node, context)
  File "/home/avazzano/virtualenvs3/python3.4/lib/python3.4/site-packages/django/template/debug.py", line 80, in render_node
    return node.render(context)
  File "/home/avazzano/virtualenvs3/python3.4/lib/python3.4/site-packages/django/template/loader_tags.py", line 65, in render
    result = block.nodelist.render(context)
  File "/home/avazzano/virtualenvs3/python3.4/lib/python3.4/site-packages/django/template/base.py", line 844, in render
    bit = self.render_node(node, context)
  File "/home/avazzano/virtualenvs3/python3.4/lib/python3.4/site-packages/django/template/debug.py", line 80, in render_node
    return node.render(context)
  File "/home/avazzano/virtualenvs3/python3.4/lib/python3.4/site-packages/django/template/loader_tags.py", line 65, in render
    result = block.nodelist.render(context)
  File "/home/avazzano/virtualenvs3/python3.4/lib/python3.4/site-packages/django/template/base.py", line 844, in render
    bit = self.render_node(node, context)
  File "/home/avazzano/virtualenvs3/python3.4/lib/python3.4/site-packages/django/template/debug.py", line 80, in render_node
    return node.render(context)
  File "/home/avazzano/virtualenvs3/python3.4/lib/python3.4/site-packages/django/template/base.py", line 1207, in render
    _dict = func(*resolved_args, **resolved_kwargs)
  File "/home/avazzano/git/sstuv/documentos/templatetags/tags.py", line 11, in menu
    print(user)
  File "/home/avazzano/virtualenvs3/python3.4/lib/python3.4/site-packages/django/utils/functional.py", line 225, in inner
    return func(self._wrapped, *args)
AttributeError: 'User' object has no attribute 'group'
[25/Feb/2015 14:14:27] INFO [sstuv:83] busqueda de expedientes en logger info
[25/Feb/2015 14:14:27] ERROR [sstuv:84] busqueda de expedientes en logger error
[25/Feb/2015 14:15:04] INFO [sstuv:83] busqueda de expedientes en logger info
[25/Feb/2015 14:15:04] ERROR [sstuv:84] busqueda de expedientes en logger error
[25/Feb/2015 14:15:04] ERROR [django.request:231] Internal Server Error: /sig/expedientes/
Traceback (most recent call last):
  File "/home/avazzano/virtualenvs3/python3.4/lib/python3.4/site-packages/django/core/handlers/base.py", line 111, in get_response
    response = wrapped_callback(request, *callback_args, **callback_kwargs)
  File "/home/avazzano/git/sstuv/documentos/views.py", line 85, in loadBusquedaExpediente
    return render(request, 'expedienteley_list.html', {'tipo' : 'Expediente'}, context_instance=RequestContext(request))
  File "/home/avazzano/virtualenvs3/python3.4/lib/python3.4/site-packages/django/shortcuts.py", line 50, in render
    return HttpResponse(loader.render_to_string(*args, **kwargs),
  File "/home/avazzano/virtualenvs3/python3.4/lib/python3.4/site-packages/django/template/loader.py", line 178, in render_to_string
    return t.render(context_instance)
  File "/home/avazzano/virtualenvs3/python3.4/lib/python3.4/site-packages/django/template/base.py", line 148, in render
    return self._render(context)
  File "/home/avazzano/virtualenvs3/python3.4/lib/python3.4/site-packages/django/template/base.py", line 142, in _render
    return self.nodelist.render(context)
  File "/home/avazzano/virtualenvs3/python3.4/lib/python3.4/site-packages/django/template/base.py", line 844, in render
    bit = self.render_node(node, context)
  File "/home/avazzano/virtualenvs3/python3.4/lib/python3.4/site-packages/django/template/debug.py", line 80, in render_node
    return node.render(context)
  File "/home/avazzano/virtualenvs3/python3.4/lib/python3.4/site-packages/django/template/loader_tags.py", line 126, in render
    return compiled_parent._render(context)
  File "/home/avazzano/virtualenvs3/python3.4/lib/python3.4/site-packages/django/template/base.py", line 142, in _render
    return self.nodelist.render(context)
  File "/home/avazzano/virtualenvs3/python3.4/lib/python3.4/site-packages/django/template/base.py", line 844, in render
    bit = self.render_node(node, context)
  File "/home/avazzano/virtualenvs3/python3.4/lib/python3.4/site-packages/django/template/debug.py", line 80, in render_node
    return node.render(context)
  File "/home/avazzano/virtualenvs3/python3.4/lib/python3.4/site-packages/django/template/loader_tags.py", line 126, in render
    return compiled_parent._render(context)
  File "/home/avazzano/virtualenvs3/python3.4/lib/python3.4/site-packages/django/template/base.py", line 142, in _render
    return self.nodelist.render(context)
  File "/home/avazzano/virtualenvs3/python3.4/lib/python3.4/site-packages/django/template/base.py", line 844, in render
    bit = self.render_node(node, context)
  File "/home/avazzano/virtualenvs3/python3.4/lib/python3.4/site-packages/django/template/debug.py", line 80, in render_node
    return node.render(context)
  File "/home/avazzano/virtualenvs3/python3.4/lib/python3.4/site-packages/django/template/defaulttags.py", line 312, in render
    return nodelist.render(context)
  File "/home/avazzano/virtualenvs3/python3.4/lib/python3.4/site-packages/django/template/base.py", line 844, in render
    bit = self.render_node(node, context)
  File "/home/avazzano/virtualenvs3/python3.4/lib/python3.4/site-packages/django/template/debug.py", line 80, in render_node
    return node.render(context)
  File "/home/avazzano/virtualenvs3/python3.4/lib/python3.4/site-packages/django/template/loader_tags.py", line 65, in render
    result = block.nodelist.render(context)
  File "/home/avazzano/virtualenvs3/python3.4/lib/python3.4/site-packages/django/template/base.py", line 844, in render
    bit = self.render_node(node, context)
  File "/home/avazzano/virtualenvs3/python3.4/lib/python3.4/site-packages/django/template/debug.py", line 80, in render_node
    return node.render(context)
  File "/home/avazzano/virtualenvs3/python3.4/lib/python3.4/site-packages/django/template/loader_tags.py", line 65, in render
    result = block.nodelist.render(context)
  File "/home/avazzano/virtualenvs3/python3.4/lib/python3.4/site-packages/django/template/base.py", line 844, in render
    bit = self.render_node(node, context)
  File "/home/avazzano/virtualenvs3/python3.4/lib/python3.4/site-packages/django/template/debug.py", line 80, in render_node
    return node.render(context)
  File "/home/avazzano/virtualenvs3/python3.4/lib/python3.4/site-packages/django/template/base.py", line 1207, in render
    _dict = func(*resolved_args, **resolved_kwargs)
  File "/home/avazzano/git/sstuv/documentos/templatetags/tags.py", line 11, in menu
    print(user.groups)
  File "/home/avazzano/virtualenvs3/python3.4/lib/python3.4/site-packages/django/db/models/manager.py", line 81, in __str__
    in opts.concrete_managers + opts.abstract_managers
StopIteration
[25/Feb/2015 14:21:53] INFO [sstuv:83] busqueda de expedientes en logger info
[25/Feb/2015 14:21:53] ERROR [sstuv:84] busqueda de expedientes en logger error
[25/Feb/2015 14:22:24] INFO [sstuv:83] busqueda de expedientes en logger info
[25/Feb/2015 14:22:24] ERROR [sstuv:84] busqueda de expedientes en logger error
[25/Feb/2015 14:24:18] INFO [sstuv:83] busqueda de expedientes en logger info
[25/Feb/2015 14:24:18] ERROR [sstuv:84] busqueda de expedientes en logger error
[25/Feb/2015 14:24:31] INFO [sstuv:83] busqueda de expedientes en logger info
[25/Feb/2015 14:24:31] ERROR [sstuv:84] busqueda de expedientes en logger error
[25/Feb/2015 14:29:10] INFO [sstuv:83] busqueda de expedientes en logger info
[25/Feb/2015 14:29:10] ERROR [sstuv:84] busqueda de expedientes en logger error
[25/Feb/2015 14:29:11] ERROR [django.request:231] Internal Server Error: /sig/expedientes/
Traceback (most recent call last):
  File "/home/avazzano/virtualenvs3/python3.4/lib/python3.4/site-packages/django/core/handlers/base.py", line 111, in get_response
    response = wrapped_callback(request, *callback_args, **callback_kwargs)
  File "/home/avazzano/git/sstuv/documentos/views.py", line 85, in loadBusquedaExpediente
    return render(request, 'expedienteley_list.html', {'tipo' : 'Expediente'}, context_instance=RequestContext(request))
  File "/home/avazzano/virtualenvs3/python3.4/lib/python3.4/site-packages/django/shortcuts.py", line 50, in render
    return HttpResponse(loader.render_to_string(*args, **kwargs),
  File "/home/avazzano/virtualenvs3/python3.4/lib/python3.4/site-packages/django/template/loader.py", line 178, in render_to_string
    return t.render(context_instance)
  File "/home/avazzano/virtualenvs3/python3.4/lib/python3.4/site-packages/django/template/base.py", line 148, in render
    return self._render(context)
  File "/home/avazzano/virtualenvs3/python3.4/lib/python3.4/site-packages/django/template/base.py", line 142, in _render
    return self.nodelist.render(context)
  File "/home/avazzano/virtualenvs3/python3.4/lib/python3.4/site-packages/django/template/base.py", line 844, in render
    bit = self.render_node(node, context)
  File "/home/avazzano/virtualenvs3/python3.4/lib/python3.4/site-packages/django/template/debug.py", line 80, in render_node
    return node.render(context)
  File "/home/avazzano/virtualenvs3/python3.4/lib/python3.4/site-packages/django/template/loader_tags.py", line 126, in render
    return compiled_parent._render(context)
  File "/home/avazzano/virtualenvs3/python3.4/lib/python3.4/site-packages/django/template/base.py", line 142, in _render
    return self.nodelist.render(context)
  File "/home/avazzano/virtualenvs3/python3.4/lib/python3.4/site-packages/django/template/base.py", line 844, in render
    bit = self.render_node(node, context)
  File "/home/avazzano/virtualenvs3/python3.4/lib/python3.4/site-packages/django/template/debug.py", line 80, in render_node
    return node.render(context)
  File "/home/avazzano/virtualenvs3/python3.4/lib/python3.4/site-packages/django/template/loader_tags.py", line 126, in render
    return compiled_parent._render(context)
  File "/home/avazzano/virtualenvs3/python3.4/lib/python3.4/site-packages/django/template/base.py", line 142, in _render
    return self.nodelist.render(context)
  File "/home/avazzano/virtualenvs3/python3.4/lib/python3.4/site-packages/django/template/base.py", line 844, in render
    bit = self.render_node(node, context)
  File "/home/avazzano/virtualenvs3/python3.4/lib/python3.4/site-packages/django/template/debug.py", line 80, in render_node
    return node.render(context)
  File "/home/avazzano/virtualenvs3/python3.4/lib/python3.4/site-packages/django/template/defaulttags.py", line 312, in render
    return nodelist.render(context)
  File "/home/avazzano/virtualenvs3/python3.4/lib/python3.4/site-packages/django/template/base.py", line 844, in render
    bit = self.render_node(node, context)
  File "/home/avazzano/virtualenvs3/python3.4/lib/python3.4/site-packages/django/template/debug.py", line 80, in render_node
    return node.render(context)
  File "/home/avazzano/virtualenvs3/python3.4/lib/python3.4/site-packages/django/template/loader_tags.py", line 65, in render
    result = block.nodelist.render(context)
  File "/home/avazzano/virtualenvs3/python3.4/lib/python3.4/site-packages/django/template/base.py", line 844, in render
    bit = self.render_node(node, context)
  File "/home/avazzano/virtualenvs3/python3.4/lib/python3.4/site-packages/django/template/debug.py", line 80, in render_node
    return node.render(context)
  File "/home/avazzano/virtualenvs3/python3.4/lib/python3.4/site-packages/django/template/loader_tags.py", line 65, in render
    result = block.nodelist.render(context)
  File "/home/avazzano/virtualenvs3/python3.4/lib/python3.4/site-packages/django/template/base.py", line 844, in render
    bit = self.render_node(node, context)
  File "/home/avazzano/virtualenvs3/python3.4/lib/python3.4/site-packages/django/template/debug.py", line 80, in render_node
    return node.render(context)
  File "/home/avazzano/virtualenvs3/python3.4/lib/python3.4/site-packages/django/template/base.py", line 1207, in render
    _dict = func(*resolved_args, **resolved_kwargs)
  File "/home/avazzano/git/sstuv/documentos/templatetags/tags.py", line 14, in menu
    group = Group.objects.all( user = user_id)
NameError: name 'Group' is not defined
[25/Feb/2015 14:29:40] INFO [sstuv:83] busqueda de expedientes en logger info
[25/Feb/2015 14:29:40] ERROR [sstuv:84] busqueda de expedientes en logger error
[25/Feb/2015 14:29:40] ERROR [django.request:231] Internal Server Error: /sig/expedientes/
Traceback (most recent call last):
  File "/home/avazzano/virtualenvs3/python3.4/lib/python3.4/site-packages/django/core/handlers/base.py", line 111, in get_response
    response = wrapped_callback(request, *callback_args, **callback_kwargs)
  File "/home/avazzano/git/sstuv/documentos/views.py", line 85, in loadBusquedaExpediente
    return render(request, 'expedienteley_list.html', {'tipo' : 'Expediente'}, context_instance=RequestContext(request))
  File "/home/avazzano/virtualenvs3/python3.4/lib/python3.4/site-packages/django/shortcuts.py", line 50, in render
    return HttpResponse(loader.render_to_string(*args, **kwargs),
  File "/home/avazzano/virtualenvs3/python3.4/lib/python3.4/site-packages/django/template/loader.py", line 178, in render_to_string
    return t.render(context_instance)
  File "/home/avazzano/virtualenvs3/python3.4/lib/python3.4/site-packages/django/template/base.py", line 148, in render
    return self._render(context)
  File "/home/avazzano/virtualenvs3/python3.4/lib/python3.4/site-packages/django/template/base.py", line 142, in _render
    return self.nodelist.render(context)
  File "/home/avazzano/virtualenvs3/python3.4/lib/python3.4/site-packages/django/template/base.py", line 844, in render
    bit = self.render_node(node, context)
  File "/home/avazzano/virtualenvs3/python3.4/lib/python3.4/site-packages/django/template/debug.py", line 80, in render_node
    return node.render(context)
  File "/home/avazzano/virtualenvs3/python3.4/lib/python3.4/site-packages/django/template/loader_tags.py", line 126, in render
    return compiled_parent._render(context)
  File "/home/avazzano/virtualenvs3/python3.4/lib/python3.4/site-packages/django/template/base.py", line 142, in _render
    return self.nodelist.render(context)
  File "/home/avazzano/virtualenvs3/python3.4/lib/python3.4/site-packages/django/template/base.py", line 844, in render
    bit = self.render_node(node, context)
  File "/home/avazzano/virtualenvs3/python3.4/lib/python3.4/site-packages/django/template/debug.py", line 80, in render_node
    return node.render(context)
  File "/home/avazzano/virtualenvs3/python3.4/lib/python3.4/site-packages/django/template/loader_tags.py", line 126, in render
    return compiled_parent._render(context)
  File "/home/avazzano/virtualenvs3/python3.4/lib/python3.4/site-packages/django/template/base.py", line 142, in _render
    return self.nodelist.render(context)
  File "/home/avazzano/virtualenvs3/python3.4/lib/python3.4/site-packages/django/template/base.py", line 844, in render
    bit = self.render_node(node, context)
  File "/home/avazzano/virtualenvs3/python3.4/lib/python3.4/site-packages/django/template/debug.py", line 80, in render_node
    return node.render(context)
  File "/home/avazzano/virtualenvs3/python3.4/lib/python3.4/site-packages/django/template/defaulttags.py", line 312, in render
    return nodelist.render(context)
  File "/home/avazzano/virtualenvs3/python3.4/lib/python3.4/site-packages/django/template/base.py", line 844, in render
    bit = self.render_node(node, context)
  File "/home/avazzano/virtualenvs3/python3.4/lib/python3.4/site-packages/django/template/debug.py", line 80, in render_node
    return node.render(context)
  File "/home/avazzano/virtualenvs3/python3.4/lib/python3.4/site-packages/django/template/loader_tags.py", line 65, in render
    result = block.nodelist.render(context)
  File "/home/avazzano/virtualenvs3/python3.4/lib/python3.4/site-packages/django/template/base.py", line 844, in render
    bit = self.render_node(node, context)
  File "/home/avazzano/virtualenvs3/python3.4/lib/python3.4/site-packages/django/template/debug.py", line 80, in render_node
    return node.render(context)
  File "/home/avazzano/virtualenvs3/python3.4/lib/python3.4/site-packages/django/template/loader_tags.py", line 65, in render
    result = block.nodelist.render(context)
  File "/home/avazzano/virtualenvs3/python3.4/lib/python3.4/site-packages/django/template/base.py", line 844, in render
    bit = self.render_node(node, context)
  File "/home/avazzano/virtualenvs3/python3.4/lib/python3.4/site-packages/django/template/debug.py", line 80, in render_node
    return node.render(context)
  File "/home/avazzano/virtualenvs3/python3.4/lib/python3.4/site-packages/django/template/base.py", line 1207, in render
    _dict = func(*resolved_args, **resolved_kwargs)
  File "/home/avazzano/git/sstuv/documentos/templatetags/tags.py", line 14, in menu
    group = Group.objects.all( user = user_id)
NameError: name 'Group' is not defined
[25/Feb/2015 14:30:22] INFO [sstuv:83] busqueda de expedientes en logger info
[25/Feb/2015 14:30:22] ERROR [sstuv:84] busqueda de expedientes en logger error
[25/Feb/2015 14:30:22] ERROR [django.request:231] Internal Server Error: /sig/expedientes/
Traceback (most recent call last):
  File "/home/avazzano/virtualenvs3/python3.4/lib/python3.4/site-packages/django/core/handlers/base.py", line 111, in get_response
    response = wrapped_callback(request, *callback_args, **callback_kwargs)
  File "/home/avazzano/git/sstuv/documentos/views.py", line 85, in loadBusquedaExpediente
    return render(request, 'expedienteley_list.html', {'tipo' : 'Expediente'}, context_instance=RequestContext(request))
  File "/home/avazzano/virtualenvs3/python3.4/lib/python3.4/site-packages/django/shortcuts.py", line 50, in render
    return HttpResponse(loader.render_to_string(*args, **kwargs),
  File "/home/avazzano/virtualenvs3/python3.4/lib/python3.4/site-packages/django/template/loader.py", line 178, in render_to_string
    return t.render(context_instance)
  File "/home/avazzano/virtualenvs3/python3.4/lib/python3.4/site-packages/django/template/base.py", line 148, in render
    return self._render(context)
  File "/home/avazzano/virtualenvs3/python3.4/lib/python3.4/site-packages/django/template/base.py", line 142, in _render
    return self.nodelist.render(context)
  File "/home/avazzano/virtualenvs3/python3.4/lib/python3.4/site-packages/django/template/base.py", line 844, in render
    bit = self.render_node(node, context)
  File "/home/avazzano/virtualenvs3/python3.4/lib/python3.4/site-packages/django/template/debug.py", line 80, in render_node
    return node.render(context)
  File "/home/avazzano/virtualenvs3/python3.4/lib/python3.4/site-packages/django/template/loader_tags.py", line 126, in render
    return compiled_parent._render(context)
  File "/home/avazzano/virtualenvs3/python3.4/lib/python3.4/site-packages/django/template/base.py", line 142, in _render
    return self.nodelist.render(context)
  File "/home/avazzano/virtualenvs3/python3.4/lib/python3.4/site-packages/django/template/base.py", line 844, in render
    bit = self.render_node(node, context)
  File "/home/avazzano/virtualenvs3/python3.4/lib/python3.4/site-packages/django/template/debug.py", line 80, in render_node
    return node.render(context)
  File "/home/avazzano/virtualenvs3/python3.4/lib/python3.4/site-packages/django/template/loader_tags.py", line 126, in render
    return compiled_parent._render(context)
  File "/home/avazzano/virtualenvs3/python3.4/lib/python3.4/site-packages/django/template/base.py", line 142, in _render
    return self.nodelist.render(context)
  File "/home/avazzano/virtualenvs3/python3.4/lib/python3.4/site-packages/django/template/base.py", line 844, in render
    bit = self.render_node(node, context)
  File "/home/avazzano/virtualenvs3/python3.4/lib/python3.4/site-packages/django/template/debug.py", line 80, in render_node
    return node.render(context)
  File "/home/avazzano/virtualenvs3/python3.4/lib/python3.4/site-packages/django/template/defaulttags.py", line 312, in render
    return nodelist.render(context)
  File "/home/avazzano/virtualenvs3/python3.4/lib/python3.4/site-packages/django/template/base.py", line 844, in render
    bit = self.render_node(node, context)
  File "/home/avazzano/virtualenvs3/python3.4/lib/python3.4/site-packages/django/template/debug.py", line 80, in render_node
    return node.render(context)
  File "/home/avazzano/virtualenvs3/python3.4/lib/python3.4/site-packages/django/template/loader_tags.py", line 65, in render
    result = block.nodelist.render(context)
  File "/home/avazzano/virtualenvs3/python3.4/lib/python3.4/site-packages/django/template/base.py", line 844, in render
    bit = self.render_node(node, context)
  File "/home/avazzano/virtualenvs3/python3.4/lib/python3.4/site-packages/django/template/debug.py", line 80, in render_node
    return node.render(context)
  File "/home/avazzano/virtualenvs3/python3.4/lib/python3.4/site-packages/django/template/loader_tags.py", line 65, in render
    result = block.nodelist.render(context)
  File "/home/avazzano/virtualenvs3/python3.4/lib/python3.4/site-packages/django/template/base.py", line 844, in render
    bit = self.render_node(node, context)
  File "/home/avazzano/virtualenvs3/python3.4/lib/python3.4/site-packages/django/template/debug.py", line 80, in render_node
    return node.render(context)
  File "/home/avazzano/virtualenvs3/python3.4/lib/python3.4/site-packages/django/template/base.py", line 1207, in render
    _dict = func(*resolved_args, **resolved_kwargs)
  File "/home/avazzano/git/sstuv/documentos/templatetags/tags.py", line 15, in menu
    group = Group.objects.all( user = user_id)
NameError: name 'user_id' is not defined
[25/Feb/2015 14:30:33] INFO [sstuv:83] busqueda de expedientes en logger info
[25/Feb/2015 14:30:33] ERROR [sstuv:84] busqueda de expedientes en logger error
[25/Feb/2015 14:30:33] ERROR [django.request:231] Internal Server Error: /sig/expedientes/
Traceback (most recent call last):
  File "/home/avazzano/virtualenvs3/python3.4/lib/python3.4/site-packages/django/core/handlers/base.py", line 111, in get_response
    response = wrapped_callback(request, *callback_args, **callback_kwargs)
  File "/home/avazzano/git/sstuv/documentos/views.py", line 85, in loadBusquedaExpediente
    return render(request, 'expedienteley_list.html', {'tipo' : 'Expediente'}, context_instance=RequestContext(request))
  File "/home/avazzano/virtualenvs3/python3.4/lib/python3.4/site-packages/django/shortcuts.py", line 50, in render
    return HttpResponse(loader.render_to_string(*args, **kwargs),
  File "/home/avazzano/virtualenvs3/python3.4/lib/python3.4/site-packages/django/template/loader.py", line 178, in render_to_string
    return t.render(context_instance)
  File "/home/avazzano/virtualenvs3/python3.4/lib/python3.4/site-packages/django/template/base.py", line 148, in render
    return self._render(context)
  File "/home/avazzano/virtualenvs3/python3.4/lib/python3.4/site-packages/django/template/base.py", line 142, in _render
    return self.nodelist.render(context)
  File "/home/avazzano/virtualenvs3/python3.4/lib/python3.4/site-packages/django/template/base.py", line 844, in render
    bit = self.render_node(node, context)
  File "/home/avazzano/virtualenvs3/python3.4/lib/python3.4/site-packages/django/template/debug.py", line 80, in render_node
    return node.render(context)
  File "/home/avazzano/virtualenvs3/python3.4/lib/python3.4/site-packages/django/template/loader_tags.py", line 126, in render
    return compiled_parent._render(context)
  File "/home/avazzano/virtualenvs3/python3.4/lib/python3.4/site-packages/django/template/base.py", line 142, in _render
    return self.nodelist.render(context)
  File "/home/avazzano/virtualenvs3/python3.4/lib/python3.4/site-packages/django/template/base.py", line 844, in render
    bit = self.render_node(node, context)
  File "/home/avazzano/virtualenvs3/python3.4/lib/python3.4/site-packages/django/template/debug.py", line 80, in render_node
    return node.render(context)
  File "/home/avazzano/virtualenvs3/python3.4/lib/python3.4/site-packages/django/template/loader_tags.py", line 126, in render
    return compiled_parent._render(context)
  File "/home/avazzano/virtualenvs3/python3.4/lib/python3.4/site-packages/django/template/base.py", line 142, in _render
    return self.nodelist.render(context)
  File "/home/avazzano/virtualenvs3/python3.4/lib/python3.4/site-packages/django/template/base.py", line 844, in render
    bit = self.render_node(node, context)
  File "/home/avazzano/virtualenvs3/python3.4/lib/python3.4/site-packages/django/template/debug.py", line 80, in render_node
    return node.render(context)
  File "/home/avazzano/virtualenvs3/python3.4/lib/python3.4/site-packages/django/template/defaulttags.py", line 312, in render
    return nodelist.render(context)
  File "/home/avazzano/virtualenvs3/python3.4/lib/python3.4/site-packages/django/template/base.py", line 844, in render
    bit = self.render_node(node, context)
  File "/home/avazzano/virtualenvs3/python3.4/lib/python3.4/site-packages/django/template/debug.py", line 80, in render_node
    return node.render(context)
  File "/home/avazzano/virtualenvs3/python3.4/lib/python3.4/site-packages/django/template/loader_tags.py", line 65, in render
    result = block.nodelist.render(context)
  File "/home/avazzano/virtualenvs3/python3.4/lib/python3.4/site-packages/django/template/base.py", line 844, in render
    bit = self.render_node(node, context)
  File "/home/avazzano/virtualenvs3/python3.4/lib/python3.4/site-packages/django/template/debug.py", line 80, in render_node
    return node.render(context)
  File "/home/avazzano/virtualenvs3/python3.4/lib/python3.4/site-packages/django/template/loader_tags.py", line 65, in render
    result = block.nodelist.render(context)
  File "/home/avazzano/virtualenvs3/python3.4/lib/python3.4/site-packages/django/template/base.py", line 844, in render
    bit = self.render_node(node, context)
  File "/home/avazzano/virtualenvs3/python3.4/lib/python3.4/site-packages/django/template/debug.py", line 80, in render_node
    return node.render(context)
  File "/home/avazzano/virtualenvs3/python3.4/lib/python3.4/site-packages/django/template/base.py", line 1207, in render
    _dict = func(*resolved_args, **resolved_kwargs)
  File "/home/avazzano/git/sstuv/documentos/templatetags/tags.py", line 15, in menu
    group = Group.objects.all( user = user)
NameError: name 'user_id' is not defined
[25/Feb/2015 14:30:42] INFO [sstuv:83] busqueda de expedientes en logger info
[25/Feb/2015 14:30:42] ERROR [sstuv:84] busqueda de expedientes en logger error
[25/Feb/2015 14:30:42] ERROR [django.request:231] Internal Server Error: /sig/expedientes/
Traceback (most recent call last):
  File "/home/avazzano/virtualenvs3/python3.4/lib/python3.4/site-packages/django/core/handlers/base.py", line 111, in get_response
    response = wrapped_callback(request, *callback_args, **callback_kwargs)
  File "/home/avazzano/git/sstuv/documentos/views.py", line 85, in loadBusquedaExpediente
    return render(request, 'expedienteley_list.html', {'tipo' : 'Expediente'}, context_instance=RequestContext(request))
  File "/home/avazzano/virtualenvs3/python3.4/lib/python3.4/site-packages/django/shortcuts.py", line 50, in render
    return HttpResponse(loader.render_to_string(*args, **kwargs),
  File "/home/avazzano/virtualenvs3/python3.4/lib/python3.4/site-packages/django/template/loader.py", line 178, in render_to_string
    return t.render(context_instance)
  File "/home/avazzano/virtualenvs3/python3.4/lib/python3.4/site-packages/django/template/base.py", line 148, in render
    return self._render(context)
  File "/home/avazzano/virtualenvs3/python3.4/lib/python3.4/site-packages/django/template/base.py", line 142, in _render
    return self.nodelist.render(context)
  File "/home/avazzano/virtualenvs3/python3.4/lib/python3.4/site-packages/django/template/base.py", line 844, in render
    bit = self.render_node(node, context)
  File "/home/avazzano/virtualenvs3/python3.4/lib/python3.4/site-packages/django/template/debug.py", line 80, in render_node
    return node.render(context)
  File "/home/avazzano/virtualenvs3/python3.4/lib/python3.4/site-packages/django/template/loader_tags.py", line 126, in render
    return compiled_parent._render(context)
  File "/home/avazzano/virtualenvs3/python3.4/lib/python3.4/site-packages/django/template/base.py", line 142, in _render
    return self.nodelist.render(context)
  File "/home/avazzano/virtualenvs3/python3.4/lib/python3.4/site-packages/django/template/base.py", line 844, in render
    bit = self.render_node(node, context)
  File "/home/avazzano/virtualenvs3/python3.4/lib/python3.4/site-packages/django/template/debug.py", line 80, in render_node
    return node.render(context)
  File "/home/avazzano/virtualenvs3/python3.4/lib/python3.4/site-packages/django/template/loader_tags.py", line 126, in render
    return compiled_parent._render(context)
  File "/home/avazzano/virtualenvs3/python3.4/lib/python3.4/site-packages/django/template/base.py", line 142, in _render
    return self.nodelist.render(context)
  File "/home/avazzano/virtualenvs3/python3.4/lib/python3.4/site-packages/django/template/base.py", line 844, in render
    bit = self.render_node(node, context)
  File "/home/avazzano/virtualenvs3/python3.4/lib/python3.4/site-packages/django/template/debug.py", line 80, in render_node
    return node.render(context)
  File "/home/avazzano/virtualenvs3/python3.4/lib/python3.4/site-packages/django/template/defaulttags.py", line 312, in render
    return nodelist.render(context)
  File "/home/avazzano/virtualenvs3/python3.4/lib/python3.4/site-packages/django/template/base.py", line 844, in render
    bit = self.render_node(node, context)
  File "/home/avazzano/virtualenvs3/python3.4/lib/python3.4/site-packages/django/template/debug.py", line 80, in render_node
    return node.render(context)
  File "/home/avazzano/virtualenvs3/python3.4/lib/python3.4/site-packages/django/template/loader_tags.py", line 65, in render
    result = block.nodelist.render(context)
  File "/home/avazzano/virtualenvs3/python3.4/lib/python3.4/site-packages/django/template/base.py", line 844, in render
    bit = self.render_node(node, context)
  File "/home/avazzano/virtualenvs3/python3.4/lib/python3.4/site-packages/django/template/debug.py", line 80, in render_node
    return node.render(context)
  File "/home/avazzano/virtualenvs3/python3.4/lib/python3.4/site-packages/django/template/loader_tags.py", line 65, in render
    result = block.nodelist.render(context)
  File "/home/avazzano/virtualenvs3/python3.4/lib/python3.4/site-packages/django/template/base.py", line 844, in render
    bit = self.render_node(node, context)
  File "/home/avazzano/virtualenvs3/python3.4/lib/python3.4/site-packages/django/template/debug.py", line 80, in render_node
    return node.render(context)
  File "/home/avazzano/virtualenvs3/python3.4/lib/python3.4/site-packages/django/template/base.py", line 1207, in render
    _dict = func(*resolved_args, **resolved_kwargs)
  File "/home/avazzano/git/sstuv/documentos/templatetags/tags.py", line 15, in menu
    group = Group.objects.all( user = user)
TypeError: all() got an unexpected keyword argument 'user'
[25/Feb/2015 14:31:00] INFO [sstuv:83] busqueda de expedientes en logger info
[25/Feb/2015 14:31:00] ERROR [sstuv:84] busqueda de expedientes en logger error
[25/Feb/2015 14:32:59] INFO [sstuv:83] busqueda de expedientes en logger info
[25/Feb/2015 14:32:59] ERROR [sstuv:84] busqueda de expedientes en logger error
[25/Feb/2015 14:37:06] INFO [sstuv:83] busqueda de expedientes en logger info
[25/Feb/2015 14:37:06] ERROR [sstuv:84] busqueda de expedientes en logger error
[25/Feb/2015 14:37:06] ERROR [django.request:231] Internal Server Error: /sig/expedientes/
Traceback (most recent call last):
  File "/home/avazzano/virtualenvs3/python3.4/lib/python3.4/site-packages/django/core/handlers/base.py", line 111, in get_response
    response = wrapped_callback(request, *callback_args, **callback_kwargs)
  File "/home/avazzano/git/sstuv/documentos/views.py", line 85, in loadBusquedaExpediente
    return render(request, 'expedienteley_list.html', {'tipo' : 'Expediente'}, context_instance=RequestContext(request))
  File "/home/avazzano/virtualenvs3/python3.4/lib/python3.4/site-packages/django/shortcuts.py", line 50, in render
    return HttpResponse(loader.render_to_string(*args, **kwargs),
  File "/home/avazzano/virtualenvs3/python3.4/lib/python3.4/site-packages/django/template/loader.py", line 178, in render_to_string
    return t.render(context_instance)
  File "/home/avazzano/virtualenvs3/python3.4/lib/python3.4/site-packages/django/template/base.py", line 148, in render
    return self._render(context)
  File "/home/avazzano/virtualenvs3/python3.4/lib/python3.4/site-packages/django/template/base.py", line 142, in _render
    return self.nodelist.render(context)
  File "/home/avazzano/virtualenvs3/python3.4/lib/python3.4/site-packages/django/template/base.py", line 844, in render
    bit = self.render_node(node, context)
  File "/home/avazzano/virtualenvs3/python3.4/lib/python3.4/site-packages/django/template/debug.py", line 80, in render_node
    return node.render(context)
  File "/home/avazzano/virtualenvs3/python3.4/lib/python3.4/site-packages/django/template/loader_tags.py", line 126, in render
    return compiled_parent._render(context)
  File "/home/avazzano/virtualenvs3/python3.4/lib/python3.4/site-packages/django/template/base.py", line 142, in _render
    return self.nodelist.render(context)
  File "/home/avazzano/virtualenvs3/python3.4/lib/python3.4/site-packages/django/template/base.py", line 844, in render
    bit = self.render_node(node, context)
  File "/home/avazzano/virtualenvs3/python3.4/lib/python3.4/site-packages/django/template/debug.py", line 80, in render_node
    return node.render(context)
  File "/home/avazzano/virtualenvs3/python3.4/lib/python3.4/site-packages/django/template/loader_tags.py", line 126, in render
    return compiled_parent._render(context)
  File "/home/avazzano/virtualenvs3/python3.4/lib/python3.4/site-packages/django/template/base.py", line 142, in _render
    return self.nodelist.render(context)
  File "/home/avazzano/virtualenvs3/python3.4/lib/python3.4/site-packages/django/template/base.py", line 844, in render
    bit = self.render_node(node, context)
  File "/home/avazzano/virtualenvs3/python3.4/lib/python3.4/site-packages/django/template/debug.py", line 80, in render_node
    return node.render(context)
  File "/home/avazzano/virtualenvs3/python3.4/lib/python3.4/site-packages/django/template/defaulttags.py", line 312, in render
    return nodelist.render(context)
  File "/home/avazzano/virtualenvs3/python3.4/lib/python3.4/site-packages/django/template/base.py", line 844, in render
    bit = self.render_node(node, context)
  File "/home/avazzano/virtualenvs3/python3.4/lib/python3.4/site-packages/django/template/debug.py", line 80, in render_node
    return node.render(context)
  File "/home/avazzano/virtualenvs3/python3.4/lib/python3.4/site-packages/django/template/loader_tags.py", line 65, in render
    result = block.nodelist.render(context)
  File "/home/avazzano/virtualenvs3/python3.4/lib/python3.4/site-packages/django/template/base.py", line 844, in render
    bit = self.render_node(node, context)
  File "/home/avazzano/virtualenvs3/python3.4/lib/python3.4/site-packages/django/template/debug.py", line 80, in render_node
    return node.render(context)
  File "/home/avazzano/virtualenvs3/python3.4/lib/python3.4/site-packages/django/template/loader_tags.py", line 65, in render
    result = block.nodelist.render(context)
  File "/home/avazzano/virtualenvs3/python3.4/lib/python3.4/site-packages/django/template/base.py", line 844, in render
    bit = self.render_node(node, context)
  File "/home/avazzano/virtualenvs3/python3.4/lib/python3.4/site-packages/django/template/debug.py", line 80, in render_node
    return node.render(context)
  File "/home/avazzano/virtualenvs3/python3.4/lib/python3.4/site-packages/django/template/base.py", line 1207, in render
    _dict = func(*resolved_args, **resolved_kwargs)
  File "/home/avazzano/git/sstuv/documentos/templatetags/tags.py", line 13, in menu
    print(user.get_group_by_cols())
  File "/home/avazzano/virtualenvs3/python3.4/lib/python3.4/site-packages/django/utils/functional.py", line 225, in inner
    return func(self._wrapped, *args)
AttributeError: 'User' object has no attribute 'get_group_by_cols'
[25/Feb/2015 14:38:03] INFO [sstuv:83] busqueda de expedientes en logger info
[25/Feb/2015 14:38:03] ERROR [sstuv:84] busqueda de expedientes en logger error
[25/Feb/2015 14:38:03] ERROR [django.request:231] Internal Server Error: /sig/expedientes/
Traceback (most recent call last):
  File "/home/avazzano/virtualenvs3/python3.4/lib/python3.4/site-packages/django/core/handlers/base.py", line 111, in get_response
    response = wrapped_callback(request, *callback_args, **callback_kwargs)
  File "/home/avazzano/git/sstuv/documentos/views.py", line 85, in loadBusquedaExpediente
    return render(request, 'expedienteley_list.html', {'tipo' : 'Expediente'}, context_instance=RequestContext(request))
  File "/home/avazzano/virtualenvs3/python3.4/lib/python3.4/site-packages/django/shortcuts.py", line 50, in render
    return HttpResponse(loader.render_to_string(*args, **kwargs),
  File "/home/avazzano/virtualenvs3/python3.4/lib/python3.4/site-packages/django/template/loader.py", line 178, in render_to_string
    return t.render(context_instance)
  File "/home/avazzano/virtualenvs3/python3.4/lib/python3.4/site-packages/django/template/base.py", line 148, in render
    return self._render(context)
  File "/home/avazzano/virtualenvs3/python3.4/lib/python3.4/site-packages/django/template/base.py", line 142, in _render
    return self.nodelist.render(context)
  File "/home/avazzano/virtualenvs3/python3.4/lib/python3.4/site-packages/django/template/base.py", line 844, in render
    bit = self.render_node(node, context)
  File "/home/avazzano/virtualenvs3/python3.4/lib/python3.4/site-packages/django/template/debug.py", line 80, in render_node
    return node.render(context)
  File "/home/avazzano/virtualenvs3/python3.4/lib/python3.4/site-packages/django/template/loader_tags.py", line 126, in render
    return compiled_parent._render(context)
  File "/home/avazzano/virtualenvs3/python3.4/lib/python3.4/site-packages/django/template/base.py", line 142, in _render
    return self.nodelist.render(context)
  File "/home/avazzano/virtualenvs3/python3.4/lib/python3.4/site-packages/django/template/base.py", line 844, in render
    bit = self.render_node(node, context)
  File "/home/avazzano/virtualenvs3/python3.4/lib/python3.4/site-packages/django/template/debug.py", line 80, in render_node
    return node.render(context)
  File "/home/avazzano/virtualenvs3/python3.4/lib/python3.4/site-packages/django/template/loader_tags.py", line 126, in render
    return compiled_parent._render(context)
  File "/home/avazzano/virtualenvs3/python3.4/lib/python3.4/site-packages/django/template/base.py", line 142, in _render
    return self.nodelist.render(context)
  File "/home/avazzano/virtualenvs3/python3.4/lib/python3.4/site-packages/django/template/base.py", line 844, in render
    bit = self.render_node(node, context)
  File "/home/avazzano/virtualenvs3/python3.4/lib/python3.4/site-packages/django/template/debug.py", line 80, in render_node
    return node.render(context)
  File "/home/avazzano/virtualenvs3/python3.4/lib/python3.4/site-packages/django/template/defaulttags.py", line 312, in render
    return nodelist.render(context)
  File "/home/avazzano/virtualenvs3/python3.4/lib/python3.4/site-packages/django/template/base.py", line 844, in render
    bit = self.render_node(node, context)
  File "/home/avazzano/virtualenvs3/python3.4/lib/python3.4/site-packages/django/template/debug.py", line 80, in render_node
    return node.render(context)
  File "/home/avazzano/virtualenvs3/python3.4/lib/python3.4/site-packages/django/template/loader_tags.py", line 65, in render
    result = block.nodelist.render(context)
  File "/home/avazzano/virtualenvs3/python3.4/lib/python3.4/site-packages/django/template/base.py", line 844, in render
    bit = self.render_node(node, context)
  File "/home/avazzano/virtualenvs3/python3.4/lib/python3.4/site-packages/django/template/debug.py", line 80, in render_node
    return node.render(context)
  File "/home/avazzano/virtualenvs3/python3.4/lib/python3.4/site-packages/django/template/loader_tags.py", line 65, in render
    result = block.nodelist.render(context)
  File "/home/avazzano/virtualenvs3/python3.4/lib/python3.4/site-packages/django/template/base.py", line 844, in render
    bit = self.render_node(node, context)
  File "/home/avazzano/virtualenvs3/python3.4/lib/python3.4/site-packages/django/template/debug.py", line 80, in render_node
    return node.render(context)
  File "/home/avazzano/virtualenvs3/python3.4/lib/python3.4/site-packages/django/template/base.py", line 1207, in render
    _dict = func(*resolved_args, **resolved_kwargs)
  File "/home/avazzano/git/sstuv/documentos/templatetags/tags.py", line 13, in menu
    print(user.get_account())
  File "/home/avazzano/virtualenvs3/python3.4/lib/python3.4/site-packages/django/utils/functional.py", line 225, in inner
    return func(self._wrapped, *args)
AttributeError: 'User' object has no attribute 'get_account'
[25/Feb/2015 14:38:12] INFO [sstuv:83] busqueda de expedientes en logger info
[25/Feb/2015 14:38:12] ERROR [sstuv:84] busqueda de expedientes en logger error
[25/Feb/2015 14:38:35] INFO [sstuv:83] busqueda de expedientes en logger info
[25/Feb/2015 14:38:35] ERROR [sstuv:84] busqueda de expedientes en logger error
[25/Feb/2015 14:38:35] ERROR [django.request:231] Internal Server Error: /sig/expedientes/
Traceback (most recent call last):
  File "/home/avazzano/virtualenvs3/python3.4/lib/python3.4/site-packages/django/core/handlers/base.py", line 111, in get_response
    response = wrapped_callback(request, *callback_args, **callback_kwargs)
  File "/home/avazzano/git/sstuv/documentos/views.py", line 85, in loadBusquedaExpediente
    return render(request, 'expedienteley_list.html', {'tipo' : 'Expediente'}, context_instance=RequestContext(request))
  File "/home/avazzano/virtualenvs3/python3.4/lib/python3.4/site-packages/django/shortcuts.py", line 50, in render
    return HttpResponse(loader.render_to_string(*args, **kwargs),
  File "/home/avazzano/virtualenvs3/python3.4/lib/python3.4/site-packages/django/template/loader.py", line 178, in render_to_string
    return t.render(context_instance)
  File "/home/avazzano/virtualenvs3/python3.4/lib/python3.4/site-packages/django/template/base.py", line 148, in render
    return self._render(context)
  File "/home/avazzano/virtualenvs3/python3.4/lib/python3.4/site-packages/django/template/base.py", line 142, in _render
    return self.nodelist.render(context)
  File "/home/avazzano/virtualenvs3/python3.4/lib/python3.4/site-packages/django/template/base.py", line 844, in render
    bit = self.render_node(node, context)
  File "/home/avazzano/virtualenvs3/python3.4/lib/python3.4/site-packages/django/template/debug.py", line 80, in render_node
    return node.render(context)
  File "/home/avazzano/virtualenvs3/python3.4/lib/python3.4/site-packages/django/template/loader_tags.py", line 126, in render
    return compiled_parent._render(context)
  File "/home/avazzano/virtualenvs3/python3.4/lib/python3.4/site-packages/django/template/base.py", line 142, in _render
    return self.nodelist.render(context)
  File "/home/avazzano/virtualenvs3/python3.4/lib/python3.4/site-packages/django/template/base.py", line 844, in render
    bit = self.render_node(node, context)
  File "/home/avazzano/virtualenvs3/python3.4/lib/python3.4/site-packages/django/template/debug.py", line 80, in render_node
    return node.render(context)
  File "/home/avazzano/virtualenvs3/python3.4/lib/python3.4/site-packages/django/template/loader_tags.py", line 126, in render
    return compiled_parent._render(context)
  File "/home/avazzano/virtualenvs3/python3.4/lib/python3.4/site-packages/django/template/base.py", line 142, in _render
    return self.nodelist.render(context)
  File "/home/avazzano/virtualenvs3/python3.4/lib/python3.4/site-packages/django/template/base.py", line 844, in render
    bit = self.render_node(node, context)
  File "/home/avazzano/virtualenvs3/python3.4/lib/python3.4/site-packages/django/template/debug.py", line 80, in render_node
    return node.render(context)
  File "/home/avazzano/virtualenvs3/python3.4/lib/python3.4/site-packages/django/template/defaulttags.py", line 312, in render
    return nodelist.render(context)
  File "/home/avazzano/virtualenvs3/python3.4/lib/python3.4/site-packages/django/template/base.py", line 844, in render
    bit = self.render_node(node, context)
  File "/home/avazzano/virtualenvs3/python3.4/lib/python3.4/site-packages/django/template/debug.py", line 80, in render_node
    return node.render(context)
  File "/home/avazzano/virtualenvs3/python3.4/lib/python3.4/site-packages/django/template/loader_tags.py", line 65, in render
    result = block.nodelist.render(context)
  File "/home/avazzano/virtualenvs3/python3.4/lib/python3.4/site-packages/django/template/base.py", line 844, in render
    bit = self.render_node(node, context)
  File "/home/avazzano/virtualenvs3/python3.4/lib/python3.4/site-packages/django/template/debug.py", line 80, in render_node
    return node.render(context)
  File "/home/avazzano/virtualenvs3/python3.4/lib/python3.4/site-packages/django/template/loader_tags.py", line 65, in render
    result = block.nodelist.render(context)
  File "/home/avazzano/virtualenvs3/python3.4/lib/python3.4/site-packages/django/template/base.py", line 844, in render
    bit = self.render_node(node, context)
  File "/home/avazzano/virtualenvs3/python3.4/lib/python3.4/site-packages/django/template/debug.py", line 80, in render_node
    return node.render(context)
  File "/home/avazzano/virtualenvs3/python3.4/lib/python3.4/site-packages/django/template/base.py", line 1207, in render
    _dict = func(*resolved_args, **resolved_kwargs)
  File "/home/avazzano/git/sstuv/documentos/templatetags/tags.py", line 13, in menu
    print(user.get())
  File "/home/avazzano/virtualenvs3/python3.4/lib/python3.4/site-packages/django/utils/functional.py", line 225, in inner
    return func(self._wrapped, *args)
AttributeError: 'User' object has no attribute 'get'
[25/Feb/2015 14:39:02] INFO [sstuv:83] busqueda de expedientes en logger info
[25/Feb/2015 14:39:02] ERROR [sstuv:84] busqueda de expedientes en logger error
[25/Feb/2015 14:41:11] INFO [sstuv:83] busqueda de expedientes en logger info
[25/Feb/2015 14:41:11] ERROR [sstuv:84] busqueda de expedientes en logger error
[25/Feb/2015 14:41:11] ERROR [django.request:231] Internal Server Error: /sig/expedientes/
Traceback (most recent call last):
  File "/home/avazzano/virtualenvs3/python3.4/lib/python3.4/site-packages/django/core/handlers/base.py", line 111, in get_response
    response = wrapped_callback(request, *callback_args, **callback_kwargs)
  File "/home/avazzano/git/sstuv/documentos/views.py", line 85, in loadBusquedaExpediente
    return render(request, 'expedienteley_list.html', {'tipo' : 'Expediente'}, context_instance=RequestContext(request))
  File "/home/avazzano/virtualenvs3/python3.4/lib/python3.4/site-packages/django/shortcuts.py", line 50, in render
    return HttpResponse(loader.render_to_string(*args, **kwargs),
  File "/home/avazzano/virtualenvs3/python3.4/lib/python3.4/site-packages/django/template/loader.py", line 178, in render_to_string
    return t.render(context_instance)
  File "/home/avazzano/virtualenvs3/python3.4/lib/python3.4/site-packages/django/template/base.py", line 148, in render
    return self._render(context)
  File "/home/avazzano/virtualenvs3/python3.4/lib/python3.4/site-packages/django/template/base.py", line 142, in _render
    return self.nodelist.render(context)
  File "/home/avazzano/virtualenvs3/python3.4/lib/python3.4/site-packages/django/template/base.py", line 844, in render
    bit = self.render_node(node, context)
  File "/home/avazzano/virtualenvs3/python3.4/lib/python3.4/site-packages/django/template/debug.py", line 80, in render_node
    return node.render(context)
  File "/home/avazzano/virtualenvs3/python3.4/lib/python3.4/site-packages/django/template/loader_tags.py", line 126, in render
    return compiled_parent._render(context)
  File "/home/avazzano/virtualenvs3/python3.4/lib/python3.4/site-packages/django/template/base.py", line 142, in _render
    return self.nodelist.render(context)
  File "/home/avazzano/virtualenvs3/python3.4/lib/python3.4/site-packages/django/template/base.py", line 844, in render
    bit = self.render_node(node, context)
  File "/home/avazzano/virtualenvs3/python3.4/lib/python3.4/site-packages/django/template/debug.py", line 80, in render_node
    return node.render(context)
  File "/home/avazzano/virtualenvs3/python3.4/lib/python3.4/site-packages/django/template/loader_tags.py", line 126, in render
    return compiled_parent._render(context)
  File "/home/avazzano/virtualenvs3/python3.4/lib/python3.4/site-packages/django/template/base.py", line 142, in _render
    return self.nodelist.render(context)
  File "/home/avazzano/virtualenvs3/python3.4/lib/python3.4/site-packages/django/template/base.py", line 844, in render
    bit = self.render_node(node, context)
  File "/home/avazzano/virtualenvs3/python3.4/lib/python3.4/site-packages/django/template/debug.py", line 80, in render_node
    return node.render(context)
  File "/home/avazzano/virtualenvs3/python3.4/lib/python3.4/site-packages/django/template/defaulttags.py", line 312, in render
    return nodelist.render(context)
  File "/home/avazzano/virtualenvs3/python3.4/lib/python3.4/site-packages/django/template/base.py", line 844, in render
    bit = self.render_node(node, context)
  File "/home/avazzano/virtualenvs3/python3.4/lib/python3.4/site-packages/django/template/debug.py", line 80, in render_node
    return node.render(context)
  File "/home/avazzano/virtualenvs3/python3.4/lib/python3.4/site-packages/django/template/loader_tags.py", line 65, in render
    result = block.nodelist.render(context)
  File "/home/avazzano/virtualenvs3/python3.4/lib/python3.4/site-packages/django/template/base.py", line 844, in render
    bit = self.render_node(node, context)
  File "/home/avazzano/virtualenvs3/python3.4/lib/python3.4/site-packages/django/template/debug.py", line 80, in render_node
    return node.render(context)
  File "/home/avazzano/virtualenvs3/python3.4/lib/python3.4/site-packages/django/template/loader_tags.py", line 65, in render
    result = block.nodelist.render(context)
  File "/home/avazzano/virtualenvs3/python3.4/lib/python3.4/site-packages/django/template/base.py", line 844, in render
    bit = self.render_node(node, context)
  File "/home/avazzano/virtualenvs3/python3.4/lib/python3.4/site-packages/django/template/debug.py", line 80, in render_node
    return node.render(context)
  File "/home/avazzano/virtualenvs3/python3.4/lib/python3.4/site-packages/django/template/base.py", line 1207, in render
    _dict = func(*resolved_args, **resolved_kwargs)
  File "/home/avazzano/git/sstuv/documentos/templatetags/tags.py", line 14, in menu
    print(user.get_grouping())
  File "/home/avazzano/virtualenvs3/python3.4/lib/python3.4/site-packages/django/utils/functional.py", line 225, in inner
    return func(self._wrapped, *args)
AttributeError: 'User' object has no attribute 'get_grouping'
[25/Feb/2015 14:42:14] INFO [sstuv:83] busqueda de expedientes en logger info
[25/Feb/2015 14:42:14] ERROR [sstuv:84] busqueda de expedientes en logger error
[25/Feb/2015 14:42:14] ERROR [django.request:231] Internal Server Error: /sig/expedientes/
Traceback (most recent call last):
  File "/home/avazzano/virtualenvs3/python3.4/lib/python3.4/site-packages/django/core/handlers/base.py", line 111, in get_response
    response = wrapped_callback(request, *callback_args, **callback_kwargs)
  File "/home/avazzano/git/sstuv/documentos/views.py", line 85, in loadBusquedaExpediente
    return render(request, 'expedienteley_list.html', {'tipo' : 'Expediente'}, context_instance=RequestContext(request))
  File "/home/avazzano/virtualenvs3/python3.4/lib/python3.4/site-packages/django/shortcuts.py", line 50, in render
    return HttpResponse(loader.render_to_string(*args, **kwargs),
  File "/home/avazzano/virtualenvs3/python3.4/lib/python3.4/site-packages/django/template/loader.py", line 178, in render_to_string
    return t.render(context_instance)
  File "/home/avazzano/virtualenvs3/python3.4/lib/python3.4/site-packages/django/template/base.py", line 148, in render
    return self._render(context)
  File "/home/avazzano/virtualenvs3/python3.4/lib/python3.4/site-packages/django/template/base.py", line 142, in _render
    return self.nodelist.render(context)
  File "/home/avazzano/virtualenvs3/python3.4/lib/python3.4/site-packages/django/template/base.py", line 844, in render
    bit = self.render_node(node, context)
  File "/home/avazzano/virtualenvs3/python3.4/lib/python3.4/site-packages/django/template/debug.py", line 80, in render_node
    return node.render(context)
  File "/home/avazzano/virtualenvs3/python3.4/lib/python3.4/site-packages/django/template/loader_tags.py", line 126, in render
    return compiled_parent._render(context)
  File "/home/avazzano/virtualenvs3/python3.4/lib/python3.4/site-packages/django/template/base.py", line 142, in _render
    return self.nodelist.render(context)
  File "/home/avazzano/virtualenvs3/python3.4/lib/python3.4/site-packages/django/template/base.py", line 844, in render
    bit = self.render_node(node, context)
  File "/home/avazzano/virtualenvs3/python3.4/lib/python3.4/site-packages/django/template/debug.py", line 80, in render_node
    return node.render(context)
  File "/home/avazzano/virtualenvs3/python3.4/lib/python3.4/site-packages/django/template/loader_tags.py", line 126, in render
    return compiled_parent._render(context)
  File "/home/avazzano/virtualenvs3/python3.4/lib/python3.4/site-packages/django/template/base.py", line 142, in _render
    return self.nodelist.render(context)
  File "/home/avazzano/virtualenvs3/python3.4/lib/python3.4/site-packages/django/template/base.py", line 844, in render
    bit = self.render_node(node, context)
  File "/home/avazzano/virtualenvs3/python3.4/lib/python3.4/site-packages/django/template/debug.py", line 80, in render_node
    return node.render(context)
  File "/home/avazzano/virtualenvs3/python3.4/lib/python3.4/site-packages/django/template/defaulttags.py", line 312, in render
    return nodelist.render(context)
  File "/home/avazzano/virtualenvs3/python3.4/lib/python3.4/site-packages/django/template/base.py", line 844, in render
    bit = self.render_node(node, context)
  File "/home/avazzano/virtualenvs3/python3.4/lib/python3.4/site-packages/django/template/debug.py", line 80, in render_node
    return node.render(context)
  File "/home/avazzano/virtualenvs3/python3.4/lib/python3.4/site-packages/django/template/loader_tags.py", line 65, in render
    result = block.nodelist.render(context)
  File "/home/avazzano/virtualenvs3/python3.4/lib/python3.4/site-packages/django/template/base.py", line 844, in render
    bit = self.render_node(node, context)
  File "/home/avazzano/virtualenvs3/python3.4/lib/python3.4/site-packages/django/template/debug.py", line 80, in render_node
    return node.render(context)
  File "/home/avazzano/virtualenvs3/python3.4/lib/python3.4/site-packages/django/template/loader_tags.py", line 65, in render
    result = block.nodelist.render(context)
  File "/home/avazzano/virtualenvs3/python3.4/lib/python3.4/site-packages/django/template/base.py", line 844, in render
    bit = self.render_node(node, context)
  File "/home/avazzano/virtualenvs3/python3.4/lib/python3.4/site-packages/django/template/debug.py", line 80, in render_node
    return node.render(context)
  File "/home/avazzano/virtualenvs3/python3.4/lib/python3.4/site-packages/django/template/base.py", line 1207, in render
    _dict = func(*resolved_args, **resolved_kwargs)
  File "/home/avazzano/git/sstuv/documentos/templatetags/tags.py", line 13, in menu
    print(user.groups)
  File "/home/avazzano/virtualenvs3/python3.4/lib/python3.4/site-packages/django/db/models/manager.py", line 81, in __str__
    in opts.concrete_managers + opts.abstract_managers
StopIteration
[25/Feb/2015 14:42:20] INFO [sstuv:83] busqueda de expedientes en logger info
[25/Feb/2015 14:42:20] ERROR [sstuv:84] busqueda de expedientes en logger error
[25/Feb/2015 14:42:20] ERROR [django.request:231] Internal Server Error: /sig/expedientes/
Traceback (most recent call last):
  File "/home/avazzano/virtualenvs3/python3.4/lib/python3.4/site-packages/django/core/handlers/base.py", line 111, in get_response
    response = wrapped_callback(request, *callback_args, **callback_kwargs)
  File "/home/avazzano/git/sstuv/documentos/views.py", line 85, in loadBusquedaExpediente
    return render(request, 'expedienteley_list.html', {'tipo' : 'Expediente'}, context_instance=RequestContext(request))
  File "/home/avazzano/virtualenvs3/python3.4/lib/python3.4/site-packages/django/shortcuts.py", line 50, in render
    return HttpResponse(loader.render_to_string(*args, **kwargs),
  File "/home/avazzano/virtualenvs3/python3.4/lib/python3.4/site-packages/django/template/loader.py", line 178, in render_to_string
    return t.render(context_instance)
  File "/home/avazzano/virtualenvs3/python3.4/lib/python3.4/site-packages/django/template/base.py", line 148, in render
    return self._render(context)
  File "/home/avazzano/virtualenvs3/python3.4/lib/python3.4/site-packages/django/template/base.py", line 142, in _render
    return self.nodelist.render(context)
  File "/home/avazzano/virtualenvs3/python3.4/lib/python3.4/site-packages/django/template/base.py", line 844, in render
    bit = self.render_node(node, context)
  File "/home/avazzano/virtualenvs3/python3.4/lib/python3.4/site-packages/django/template/debug.py", line 80, in render_node
    return node.render(context)
  File "/home/avazzano/virtualenvs3/python3.4/lib/python3.4/site-packages/django/template/loader_tags.py", line 126, in render
    return compiled_parent._render(context)
  File "/home/avazzano/virtualenvs3/python3.4/lib/python3.4/site-packages/django/template/base.py", line 142, in _render
    return self.nodelist.render(context)
  File "/home/avazzano/virtualenvs3/python3.4/lib/python3.4/site-packages/django/template/base.py", line 844, in render
    bit = self.render_node(node, context)
  File "/home/avazzano/virtualenvs3/python3.4/lib/python3.4/site-packages/django/template/debug.py", line 80, in render_node
    return node.render(context)
  File "/home/avazzano/virtualenvs3/python3.4/lib/python3.4/site-packages/django/template/loader_tags.py", line 126, in render
    return compiled_parent._render(context)
  File "/home/avazzano/virtualenvs3/python3.4/lib/python3.4/site-packages/django/template/base.py", line 142, in _render
    return self.nodelist.render(context)
  File "/home/avazzano/virtualenvs3/python3.4/lib/python3.4/site-packages/django/template/base.py", line 844, in render
    bit = self.render_node(node, context)
  File "/home/avazzano/virtualenvs3/python3.4/lib/python3.4/site-packages/django/template/debug.py", line 80, in render_node
    return node.render(context)
  File "/home/avazzano/virtualenvs3/python3.4/lib/python3.4/site-packages/django/template/defaulttags.py", line 312, in render
    return nodelist.render(context)
  File "/home/avazzano/virtualenvs3/python3.4/lib/python3.4/site-packages/django/template/base.py", line 844, in render
    bit = self.render_node(node, context)
  File "/home/avazzano/virtualenvs3/python3.4/lib/python3.4/site-packages/django/template/debug.py", line 80, in render_node
    return node.render(context)
  File "/home/avazzano/virtualenvs3/python3.4/lib/python3.4/site-packages/django/template/loader_tags.py", line 65, in render
    result = block.nodelist.render(context)
  File "/home/avazzano/virtualenvs3/python3.4/lib/python3.4/site-packages/django/template/base.py", line 844, in render
    bit = self.render_node(node, context)
  File "/home/avazzano/virtualenvs3/python3.4/lib/python3.4/site-packages/django/template/debug.py", line 80, in render_node
    return node.render(context)
  File "/home/avazzano/virtualenvs3/python3.4/lib/python3.4/site-packages/django/template/loader_tags.py", line 65, in render
    result = block.nodelist.render(context)
  File "/home/avazzano/virtualenvs3/python3.4/lib/python3.4/site-packages/django/template/base.py", line 844, in render
    bit = self.render_node(node, context)
  File "/home/avazzano/virtualenvs3/python3.4/lib/python3.4/site-packages/django/template/debug.py", line 80, in render_node
    return node.render(context)
  File "/home/avazzano/virtualenvs3/python3.4/lib/python3.4/site-packages/django/template/base.py", line 1207, in render
    _dict = func(*resolved_args, **resolved_kwargs)
  File "/home/avazzano/git/sstuv/documentos/templatetags/tags.py", line 13, in menu
    print(user.groups)
  File "/home/avazzano/virtualenvs3/python3.4/lib/python3.4/site-packages/django/db/models/manager.py", line 81, in __str__
    in opts.concrete_managers + opts.abstract_managers
StopIteration
[25/Feb/2015 14:42:49] INFO [sstuv:83] busqueda de expedientes en logger info
[25/Feb/2015 14:42:49] ERROR [sstuv:84] busqueda de expedientes en logger error
[25/Feb/2015 14:42:49] ERROR [django.request:231] Internal Server Error: /sig/expedientes/
Traceback (most recent call last):
  File "/home/avazzano/virtualenvs3/python3.4/lib/python3.4/site-packages/django/core/handlers/base.py", line 111, in get_response
    response = wrapped_callback(request, *callback_args, **callback_kwargs)
  File "/home/avazzano/git/sstuv/documentos/views.py", line 85, in loadBusquedaExpediente
    return render(request, 'expedienteley_list.html', {'tipo' : 'Expediente'}, context_instance=RequestContext(request))
  File "/home/avazzano/virtualenvs3/python3.4/lib/python3.4/site-packages/django/shortcuts.py", line 50, in render
    return HttpResponse(loader.render_to_string(*args, **kwargs),
  File "/home/avazzano/virtualenvs3/python3.4/lib/python3.4/site-packages/django/template/loader.py", line 178, in render_to_string
    return t.render(context_instance)
  File "/home/avazzano/virtualenvs3/python3.4/lib/python3.4/site-packages/django/template/base.py", line 148, in render
    return self._render(context)
  File "/home/avazzano/virtualenvs3/python3.4/lib/python3.4/site-packages/django/template/base.py", line 142, in _render
    return self.nodelist.render(context)
  File "/home/avazzano/virtualenvs3/python3.4/lib/python3.4/site-packages/django/template/base.py", line 844, in render
    bit = self.render_node(node, context)
  File "/home/avazzano/virtualenvs3/python3.4/lib/python3.4/site-packages/django/template/debug.py", line 80, in render_node
    return node.render(context)
  File "/home/avazzano/virtualenvs3/python3.4/lib/python3.4/site-packages/django/template/loader_tags.py", line 126, in render
    return compiled_parent._render(context)
  File "/home/avazzano/virtualenvs3/python3.4/lib/python3.4/site-packages/django/template/base.py", line 142, in _render
    return self.nodelist.render(context)
  File "/home/avazzano/virtualenvs3/python3.4/lib/python3.4/site-packages/django/template/base.py", line 844, in render
    bit = self.render_node(node, context)
  File "/home/avazzano/virtualenvs3/python3.4/lib/python3.4/site-packages/django/template/debug.py", line 80, in render_node
    return node.render(context)
  File "/home/avazzano/virtualenvs3/python3.4/lib/python3.4/site-packages/django/template/loader_tags.py", line 126, in render
    return compiled_parent._render(context)
  File "/home/avazzano/virtualenvs3/python3.4/lib/python3.4/site-packages/django/template/base.py", line 142, in _render
    return self.nodelist.render(context)
  File "/home/avazzano/virtualenvs3/python3.4/lib/python3.4/site-packages/django/template/base.py", line 844, in render
    bit = self.render_node(node, context)
  File "/home/avazzano/virtualenvs3/python3.4/lib/python3.4/site-packages/django/template/debug.py", line 80, in render_node
    return node.render(context)
  File "/home/avazzano/virtualenvs3/python3.4/lib/python3.4/site-packages/django/template/defaulttags.py", line 312, in render
    return nodelist.render(context)
  File "/home/avazzano/virtualenvs3/python3.4/lib/python3.4/site-packages/django/template/base.py", line 844, in render
    bit = self.render_node(node, context)
  File "/home/avazzano/virtualenvs3/python3.4/lib/python3.4/site-packages/django/template/debug.py", line 80, in render_node
    return node.render(context)
  File "/home/avazzano/virtualenvs3/python3.4/lib/python3.4/site-packages/django/template/loader_tags.py", line 65, in render
    result = block.nodelist.render(context)
  File "/home/avazzano/virtualenvs3/python3.4/lib/python3.4/site-packages/django/template/base.py", line 844, in render
    bit = self.render_node(node, context)
  File "/home/avazzano/virtualenvs3/python3.4/lib/python3.4/site-packages/django/template/debug.py", line 80, in render_node
    return node.render(context)
  File "/home/avazzano/virtualenvs3/python3.4/lib/python3.4/site-packages/django/template/loader_tags.py", line 65, in render
    result = block.nodelist.render(context)
  File "/home/avazzano/virtualenvs3/python3.4/lib/python3.4/site-packages/django/template/base.py", line 844, in render
    bit = self.render_node(node, context)
  File "/home/avazzano/virtualenvs3/python3.4/lib/python3.4/site-packages/django/template/debug.py", line 80, in render_node
    return node.render(context)
  File "/home/avazzano/virtualenvs3/python3.4/lib/python3.4/site-packages/django/template/base.py", line 1207, in render
    _dict = func(*resolved_args, **resolved_kwargs)
  File "/home/avazzano/git/sstuv/documentos/templatetags/tags.py", line 13, in menu
    print(user.group)
  File "/home/avazzano/virtualenvs3/python3.4/lib/python3.4/site-packages/django/utils/functional.py", line 225, in inner
    return func(self._wrapped, *args)
AttributeError: 'User' object has no attribute 'group'
[25/Feb/2015 14:43:12] INFO [sstuv:83] busqueda de expedientes en logger info
[25/Feb/2015 14:43:12] ERROR [sstuv:84] busqueda de expedientes en logger error
[25/Feb/2015 14:43:12] ERROR [django.request:231] Internal Server Error: /sig/expedientes/
Traceback (most recent call last):
  File "/home/avazzano/virtualenvs3/python3.4/lib/python3.4/site-packages/django/core/handlers/base.py", line 111, in get_response
    response = wrapped_callback(request, *callback_args, **callback_kwargs)
  File "/home/avazzano/git/sstuv/documentos/views.py", line 85, in loadBusquedaExpediente
    return render(request, 'expedienteley_list.html', {'tipo' : 'Expediente'}, context_instance=RequestContext(request))
  File "/home/avazzano/virtualenvs3/python3.4/lib/python3.4/site-packages/django/shortcuts.py", line 50, in render
    return HttpResponse(loader.render_to_string(*args, **kwargs),
  File "/home/avazzano/virtualenvs3/python3.4/lib/python3.4/site-packages/django/template/loader.py", line 178, in render_to_string
    return t.render(context_instance)
  File "/home/avazzano/virtualenvs3/python3.4/lib/python3.4/site-packages/django/template/base.py", line 148, in render
    return self._render(context)
  File "/home/avazzano/virtualenvs3/python3.4/lib/python3.4/site-packages/django/template/base.py", line 142, in _render
    return self.nodelist.render(context)
  File "/home/avazzano/virtualenvs3/python3.4/lib/python3.4/site-packages/django/template/base.py", line 844, in render
    bit = self.render_node(node, context)
  File "/home/avazzano/virtualenvs3/python3.4/lib/python3.4/site-packages/django/template/debug.py", line 80, in render_node
    return node.render(context)
  File "/home/avazzano/virtualenvs3/python3.4/lib/python3.4/site-packages/django/template/loader_tags.py", line 126, in render
    return compiled_parent._render(context)
  File "/home/avazzano/virtualenvs3/python3.4/lib/python3.4/site-packages/django/template/base.py", line 142, in _render
    return self.nodelist.render(context)
  File "/home/avazzano/virtualenvs3/python3.4/lib/python3.4/site-packages/django/template/base.py", line 844, in render
    bit = self.render_node(node, context)
  File "/home/avazzano/virtualenvs3/python3.4/lib/python3.4/site-packages/django/template/debug.py", line 80, in render_node
    return node.render(context)
  File "/home/avazzano/virtualenvs3/python3.4/lib/python3.4/site-packages/django/template/loader_tags.py", line 126, in render
    return compiled_parent._render(context)
  File "/home/avazzano/virtualenvs3/python3.4/lib/python3.4/site-packages/django/template/base.py", line 142, in _render
    return self.nodelist.render(context)
  File "/home/avazzano/virtualenvs3/python3.4/lib/python3.4/site-packages/django/template/base.py", line 844, in render
    bit = self.render_node(node, context)
  File "/home/avazzano/virtualenvs3/python3.4/lib/python3.4/site-packages/django/template/debug.py", line 80, in render_node
    return node.render(context)
  File "/home/avazzano/virtualenvs3/python3.4/lib/python3.4/site-packages/django/template/defaulttags.py", line 312, in render
    return nodelist.render(context)
  File "/home/avazzano/virtualenvs3/python3.4/lib/python3.4/site-packages/django/template/base.py", line 844, in render
    bit = self.render_node(node, context)
  File "/home/avazzano/virtualenvs3/python3.4/lib/python3.4/site-packages/django/template/debug.py", line 80, in render_node
    return node.render(context)
  File "/home/avazzano/virtualenvs3/python3.4/lib/python3.4/site-packages/django/template/loader_tags.py", line 65, in render
    result = block.nodelist.render(context)
  File "/home/avazzano/virtualenvs3/python3.4/lib/python3.4/site-packages/django/template/base.py", line 844, in render
    bit = self.render_node(node, context)
  File "/home/avazzano/virtualenvs3/python3.4/lib/python3.4/site-packages/django/template/debug.py", line 80, in render_node
    return node.render(context)
  File "/home/avazzano/virtualenvs3/python3.4/lib/python3.4/site-packages/django/template/loader_tags.py", line 65, in render
    result = block.nodelist.render(context)
  File "/home/avazzano/virtualenvs3/python3.4/lib/python3.4/site-packages/django/template/base.py", line 844, in render
    bit = self.render_node(node, context)
  File "/home/avazzano/virtualenvs3/python3.4/lib/python3.4/site-packages/django/template/debug.py", line 80, in render_node
    return node.render(context)
  File "/home/avazzano/virtualenvs3/python3.4/lib/python3.4/site-packages/django/template/base.py", line 1207, in render
    _dict = func(*resolved_args, **resolved_kwargs)
  File "/home/avazzano/git/sstuv/documentos/templatetags/tags.py", line 13, in menu
    print(user.groups)
  File "/home/avazzano/virtualenvs3/python3.4/lib/python3.4/site-packages/django/db/models/manager.py", line 81, in __str__
    in opts.concrete_managers + opts.abstract_managers
StopIteration
[25/Feb/2015 14:43:40] INFO [sstuv:83] busqueda de expedientes en logger info
[25/Feb/2015 14:43:40] ERROR [sstuv:84] busqueda de expedientes en logger error
[25/Feb/2015 14:43:40] ERROR [django.request:231] Internal Server Error: /sig/expedientes/
Traceback (most recent call last):
  File "/home/avazzano/virtualenvs3/python3.4/lib/python3.4/site-packages/django/core/handlers/base.py", line 111, in get_response
    response = wrapped_callback(request, *callback_args, **callback_kwargs)
  File "/home/avazzano/git/sstuv/documentos/views.py", line 85, in loadBusquedaExpediente
    return render(request, 'expedienteley_list.html', {'tipo' : 'Expediente'}, context_instance=RequestContext(request))
  File "/home/avazzano/virtualenvs3/python3.4/lib/python3.4/site-packages/django/shortcuts.py", line 50, in render
    return HttpResponse(loader.render_to_string(*args, **kwargs),
  File "/home/avazzano/virtualenvs3/python3.4/lib/python3.4/site-packages/django/template/loader.py", line 178, in render_to_string
    return t.render(context_instance)
  File "/home/avazzano/virtualenvs3/python3.4/lib/python3.4/site-packages/django/template/base.py", line 148, in render
    return self._render(context)
  File "/home/avazzano/virtualenvs3/python3.4/lib/python3.4/site-packages/django/template/base.py", line 142, in _render
    return self.nodelist.render(context)
  File "/home/avazzano/virtualenvs3/python3.4/lib/python3.4/site-packages/django/template/base.py", line 844, in render
    bit = self.render_node(node, context)
  File "/home/avazzano/virtualenvs3/python3.4/lib/python3.4/site-packages/django/template/debug.py", line 80, in render_node
    return node.render(context)
  File "/home/avazzano/virtualenvs3/python3.4/lib/python3.4/site-packages/django/template/loader_tags.py", line 126, in render
    return compiled_parent._render(context)
  File "/home/avazzano/virtualenvs3/python3.4/lib/python3.4/site-packages/django/template/base.py", line 142, in _render
    return self.nodelist.render(context)
  File "/home/avazzano/virtualenvs3/python3.4/lib/python3.4/site-packages/django/template/base.py", line 844, in render
    bit = self.render_node(node, context)
  File "/home/avazzano/virtualenvs3/python3.4/lib/python3.4/site-packages/django/template/debug.py", line 80, in render_node
    return node.render(context)
  File "/home/avazzano/virtualenvs3/python3.4/lib/python3.4/site-packages/django/template/loader_tags.py", line 126, in render
    return compiled_parent._render(context)
  File "/home/avazzano/virtualenvs3/python3.4/lib/python3.4/site-packages/django/template/base.py", line 142, in _render
    return self.nodelist.render(context)
  File "/home/avazzano/virtualenvs3/python3.4/lib/python3.4/site-packages/django/template/base.py", line 844, in render
    bit = self.render_node(node, context)
  File "/home/avazzano/virtualenvs3/python3.4/lib/python3.4/site-packages/django/template/debug.py", line 80, in render_node
    return node.render(context)
  File "/home/avazzano/virtualenvs3/python3.4/lib/python3.4/site-packages/django/template/defaulttags.py", line 312, in render
    return nodelist.render(context)
  File "/home/avazzano/virtualenvs3/python3.4/lib/python3.4/site-packages/django/template/base.py", line 844, in render
    bit = self.render_node(node, context)
  File "/home/avazzano/virtualenvs3/python3.4/lib/python3.4/site-packages/django/template/debug.py", line 80, in render_node
    return node.render(context)
  File "/home/avazzano/virtualenvs3/python3.4/lib/python3.4/site-packages/django/template/loader_tags.py", line 65, in render
    result = block.nodelist.render(context)
  File "/home/avazzano/virtualenvs3/python3.4/lib/python3.4/site-packages/django/template/base.py", line 844, in render
    bit = self.render_node(node, context)
  File "/home/avazzano/virtualenvs3/python3.4/lib/python3.4/site-packages/django/template/debug.py", line 80, in render_node
    return node.render(context)
  File "/home/avazzano/virtualenvs3/python3.4/lib/python3.4/site-packages/django/template/loader_tags.py", line 65, in render
    result = block.nodelist.render(context)
  File "/home/avazzano/virtualenvs3/python3.4/lib/python3.4/site-packages/django/template/base.py", line 844, in render
    bit = self.render_node(node, context)
  File "/home/avazzano/virtualenvs3/python3.4/lib/python3.4/site-packages/django/template/debug.py", line 80, in render_node
    return node.render(context)
  File "/home/avazzano/virtualenvs3/python3.4/lib/python3.4/site-packages/django/template/base.py", line 1207, in render
    _dict = func(*resolved_args, **resolved_kwargs)
  File "/home/avazzano/git/sstuv/documentos/templatetags/tags.py", line 13, in menu
    print(user.groups)
  File "/home/avazzano/virtualenvs3/python3.4/lib/python3.4/site-packages/django/db/models/manager.py", line 81, in __str__
    in opts.concrete_managers + opts.abstract_managers
StopIteration
[25/Feb/2015 14:47:04] INFO [sstuv:83] busqueda de expedientes en logger info
[25/Feb/2015 14:47:04] ERROR [sstuv:84] busqueda de expedientes en logger error
[25/Feb/2015 14:47:04] ERROR [django.request:231] Internal Server Error: /sig/expedientes/
Traceback (most recent call last):
  File "/home/avazzano/git/sstuv/documentos/templatetags/tags.py", line 14, in menu
    print(user.groups)
  File "/home/avazzano/virtualenvs3/python3.4/lib/python3.4/site-packages/django/db/models/manager.py", line 81, in __str__
    in opts.concrete_managers + opts.abstract_managers
StopIteration

During handling of the above exception, another exception occurred:

Traceback (most recent call last):
  File "/home/avazzano/virtualenvs3/python3.4/lib/python3.4/site-packages/django/core/handlers/base.py", line 111, in get_response
    response = wrapped_callback(request, *callback_args, **callback_kwargs)
  File "/home/avazzano/git/sstuv/documentos/views.py", line 85, in loadBusquedaExpediente
    return render(request, 'expedienteley_list.html', {'tipo' : 'Expediente'}, context_instance=RequestContext(request))
  File "/home/avazzano/virtualenvs3/python3.4/lib/python3.4/site-packages/django/shortcuts.py", line 50, in render
    return HttpResponse(loader.render_to_string(*args, **kwargs),
  File "/home/avazzano/virtualenvs3/python3.4/lib/python3.4/site-packages/django/template/loader.py", line 178, in render_to_string
    return t.render(context_instance)
  File "/home/avazzano/virtualenvs3/python3.4/lib/python3.4/site-packages/django/template/base.py", line 148, in render
    return self._render(context)
  File "/home/avazzano/virtualenvs3/python3.4/lib/python3.4/site-packages/django/template/base.py", line 142, in _render
    return self.nodelist.render(context)
  File "/home/avazzano/virtualenvs3/python3.4/lib/python3.4/site-packages/django/template/base.py", line 844, in render
    bit = self.render_node(node, context)
  File "/home/avazzano/virtualenvs3/python3.4/lib/python3.4/site-packages/django/template/debug.py", line 80, in render_node
    return node.render(context)
  File "/home/avazzano/virtualenvs3/python3.4/lib/python3.4/site-packages/django/template/loader_tags.py", line 126, in render
    return compiled_parent._render(context)
  File "/home/avazzano/virtualenvs3/python3.4/lib/python3.4/site-packages/django/template/base.py", line 142, in _render
    return self.nodelist.render(context)
  File "/home/avazzano/virtualenvs3/python3.4/lib/python3.4/site-packages/django/template/base.py", line 844, in render
    bit = self.render_node(node, context)
  File "/home/avazzano/virtualenvs3/python3.4/lib/python3.4/site-packages/django/template/debug.py", line 80, in render_node
    return node.render(context)
  File "/home/avazzano/virtualenvs3/python3.4/lib/python3.4/site-packages/django/template/loader_tags.py", line 126, in render
    return compiled_parent._render(context)
  File "/home/avazzano/virtualenvs3/python3.4/lib/python3.4/site-packages/django/template/base.py", line 142, in _render
    return self.nodelist.render(context)
  File "/home/avazzano/virtualenvs3/python3.4/lib/python3.4/site-packages/django/template/base.py", line 844, in render
    bit = self.render_node(node, context)
  File "/home/avazzano/virtualenvs3/python3.4/lib/python3.4/site-packages/django/template/debug.py", line 80, in render_node
    return node.render(context)
  File "/home/avazzano/virtualenvs3/python3.4/lib/python3.4/site-packages/django/template/defaulttags.py", line 312, in render
    return nodelist.render(context)
  File "/home/avazzano/virtualenvs3/python3.4/lib/python3.4/site-packages/django/template/base.py", line 844, in render
    bit = self.render_node(node, context)
  File "/home/avazzano/virtualenvs3/python3.4/lib/python3.4/site-packages/django/template/debug.py", line 80, in render_node
    return node.render(context)
  File "/home/avazzano/virtualenvs3/python3.4/lib/python3.4/site-packages/django/template/loader_tags.py", line 65, in render
    result = block.nodelist.render(context)
  File "/home/avazzano/virtualenvs3/python3.4/lib/python3.4/site-packages/django/template/base.py", line 844, in render
    bit = self.render_node(node, context)
  File "/home/avazzano/virtualenvs3/python3.4/lib/python3.4/site-packages/django/template/debug.py", line 80, in render_node
    return node.render(context)
  File "/home/avazzano/virtualenvs3/python3.4/lib/python3.4/site-packages/django/template/loader_tags.py", line 65, in render
    result = block.nodelist.render(context)
  File "/home/avazzano/virtualenvs3/python3.4/lib/python3.4/site-packages/django/template/base.py", line 844, in render
    bit = self.render_node(node, context)
  File "/home/avazzano/virtualenvs3/python3.4/lib/python3.4/site-packages/django/template/debug.py", line 80, in render_node
    return node.render(context)
  File "/home/avazzano/virtualenvs3/python3.4/lib/python3.4/site-packages/django/template/base.py", line 1207, in render
    _dict = func(*resolved_args, **resolved_kwargs)
  File "/home/avazzano/git/sstuv/documentos/templatetags/tags.py", line 16, in menu
    except Error:
NameError: name 'Error' is not defined
[25/Feb/2015 14:49:20] INFO [sstuv:83] busqueda de expedientes en logger info
[25/Feb/2015 14:49:20] ERROR [sstuv:84] busqueda de expedientes en logger error
[25/Feb/2015 15:16:28] INFO [sstuv:83] busqueda de expedientes en logger info
[25/Feb/2015 15:16:28] ERROR [sstuv:84] busqueda de expedientes en logger error
[25/Feb/2015 15:26:25] WARNING [django.request:143] Not Found: /sig/expedientes/imprimirremito//17
[25/Feb/2015 16:42:28] INFO [sstuv:83] busqueda de expedientes en logger info
[25/Feb/2015 16:42:28] ERROR [sstuv:84] busqueda de expedientes en logger error
[25/Feb/2015 16:50:36] INFO [sstuv:83] busqueda de expedientes en logger info
[25/Feb/2015 16:50:36] ERROR [sstuv:84] busqueda de expedientes en logger error
[25/Feb/2015 16:57:48] INFO [sstuv:83] busqueda de expedientes en logger info
[25/Feb/2015 16:57:48] ERROR [sstuv:84] busqueda de expedientes en logger error
[25/Feb/2015 16:57:54] INFO [sstuv:83] busqueda de expedientes en logger info
[25/Feb/2015 16:57:54] ERROR [sstuv:84] busqueda de expedientes en logger error
[25/Feb/2015 16:58:15] INFO [sstuv:83] busqueda de expedientes en logger info
[25/Feb/2015 16:58:15] ERROR [sstuv:84] busqueda de expedientes en logger error
[25/Feb/2015 17:59:28] WARNING [django.request:143] Not Found: /sig/pases/aceptar/1
[25/Feb/2015 18:00:03] ERROR [django.request:231] Internal Server Error: /sig/pases/aceptar/1/
Traceback (most recent call last):
  File "/home/avazzano/virtualenvs3/python3.4/lib/python3.4/site-packages/django/core/handlers/base.py", line 111, in get_response
    response = wrapped_callback(request, *callback_args, **callback_kwargs)
  File "/home/avazzano/git/sstuv/documentos/views.py", line 312, in aceptarPase
    return PasesView.showExpediente(request)
AttributeError: type object 'PasesView' has no attribute 'showExpediente'
[26/Feb/2015 14:38:01] WARNING [django.request:143] Not Found: /favicon.ico
[26/Feb/2015 14:38:04] WARNING [django.request:143] Not Found: /sig/expedientes/nuevo/Expediente/0/0/0/
[26/Feb/2015 14:49:52] ERROR [django.request:231] Internal Server Error: /sig/expedientes/nuevo/Expediente/0/0/0/0/
Traceback (most recent call last):
  File "/home/avazzano/virtualenvs3/python3.4/lib/python3.4/site-packages/django/core/handlers/base.py", line 111, in get_response
    response = wrapped_callback(request, *callback_args, **callback_kwargs)
  File "/home/avazzano/git/sstuv/documentos/views.py", line 60, in showExpediente
    partidoid=int(partido)
UnboundLocalError: local variable 'partido' referenced before assignment
[26/Feb/2015 14:50:40] ERROR [django.request:231] Internal Server Error: /sig/expedientes/nuevo/Expediente/0/0/0/0/
Traceback (most recent call last):
  File "/home/avazzano/virtualenvs3/python3.4/lib/python3.4/site-packages/django/core/handlers/base.py", line 111, in get_response
    response = wrapped_callback(request, *callback_args, **callback_kwargs)
  File "/home/avazzano/git/sstuv/documentos/views.py", line 60, in showExpediente
    partidoid=int(partido)
UnboundLocalError: local variable 'partido' referenced before assignment
[26/Feb/2015 14:51:17] ERROR [django.request:231] Internal Server Error: /sig/expedientes/nuevo/Expediente/0/0/0/0/
Traceback (most recent call last):
  File "/home/avazzano/virtualenvs3/python3.4/lib/python3.4/site-packages/django/core/handlers/base.py", line 111, in get_response
    response = wrapped_callback(request, *callback_args, **callback_kwargs)
  File "/home/avazzano/git/sstuv/documentos/views.py", line 85, in showExpediente
    return render(request, 'expediente_ley.html', {'partidos': partidos, 'departamentos':departamentos, 'tipo':tipo, 'accion':'nuevo'},context_instance=RequestContext(request))
NameError: name 'partidos' is not defined
[26/Feb/2015 14:52:34] ERROR [django.request:231] Internal Server Error: /sig/expediente/inspeccionar/Expediente/0/1/0/0/
Traceback (most recent call last):
  File "/home/avazzano/virtualenvs3/python3.4/lib/python3.4/site-packages/django/core/handlers/base.py", line 111, in get_response
    response = wrapped_callback(request, *callback_args, **callback_kwargs)
  File "/home/avazzano/git/sstuv/documentos/views.py", line 74, in showExpediente
    expediente = Expediente.objects.get(organismo=organismo, numero=numero, anio=anio)
  File "/home/avazzano/virtualenvs3/python3.4/lib/python3.4/site-packages/django/db/models/manager.py", line 92, in manager_method
    return getattr(self.get_queryset(), name)(*args, **kwargs)
  File "/home/avazzano/virtualenvs3/python3.4/lib/python3.4/site-packages/django/db/models/query.py", line 361, in get
    num if num <= MAX_GET_RESULTS else 'more than %s' % MAX_GET_RESULTS
documentos.models.MultipleObjectsReturned: get() returned more than one Expediente -- it returned 2!
[26/Feb/2015 14:52:47] WARNING [django.request:143] Not Found: /sig/expediente/inspeccionar/Expediente/0/23-3/0/0/
[26/Feb/2015 14:53:04] ERROR [django.request:231] Internal Server Error: /sig/expediente/inspeccionar/Expediente/0/95/0/0/
Traceback (most recent call last):
  File "/home/avazzano/virtualenvs3/python3.4/lib/python3.4/site-packages/django/core/handlers/base.py", line 111, in get_response
    response = wrapped_callback(request, *callback_args, **callback_kwargs)
  File "/home/avazzano/git/sstuv/documentos/views.py", line 82, in showExpediente
    return render(request, 'expediente_ley.html', {'expediente': expediente, 'partidos': partidos, 'departamentos':departamentos, 'tipo':tipo, 'accion':'editar', 'pases':pases, 'organismoFiltro' : organismo, 'numeroFiltro': numero, 'anioFiltro' :anio}, context_instance=RequestContext(request) )
NameError: name 'partidos' is not defined
[26/Feb/2015 15:02:22] ERROR [django.request:231] Internal Server Error: /sig/expediente/inspeccionar/Expediente/0/95/0/0/
Traceback (most recent call last):
  File "/home/avazzano/virtualenvs3/python3.4/lib/python3.4/site-packages/django/core/handlers/base.py", line 111, in get_response
    response = wrapped_callback(request, *callback_args, **callback_kwargs)
  File "/home/avazzano/git/sstuv/documentos/views.py", line 82, in showExpediente
    return render(request, 'expediente_ley.html', {'expediente': expediente, 'partidos': partidos, 'departamentos':departamentos, 'tipo':tipo, 'accion':'editar', 'pases':pases, 'organismoFiltro' : organismo, 'numeroFiltro': numero, 'anioFiltro' :anio}, context_instance=RequestContext(request) )
NameError: name 'partidos' is not defined
[26/Feb/2015 15:02:30] ERROR [django.request:231] Internal Server Error: /sig/expedientes/nuevo/Expediente/0/0/0/0/
Traceback (most recent call last):
  File "/home/avazzano/virtualenvs3/python3.4/lib/python3.4/site-packages/django/core/handlers/base.py", line 111, in get_response
    response = wrapped_callback(request, *callback_args, **callback_kwargs)
  File "/home/avazzano/git/sstuv/documentos/views.py", line 85, in showExpediente
    return render(request, 'expediente_ley.html', {'partidos': partidos, 'departamentos':departamentos, 'tipo':tipo, 'accion':'nuevo'},context_instance=RequestContext(request))
NameError: name 'partidos' is not defined
[26/Feb/2015 15:03:07] ERROR [django.request:231] Internal Server Error: /sig/expedientes/nuevo/Expediente/0/0/0/0/
Traceback (most recent call last):
  File "/home/avazzano/virtualenvs3/python3.4/lib/python3.4/site-packages/django/core/handlers/base.py", line 111, in get_response
    response = wrapped_callback(request, *callback_args, **callback_kwargs)
  File "/home/avazzano/git/sstuv/documentos/views.py", line 60, in showExpediente
    partidoid=int(partido)
UnboundLocalError: local variable 'partido' referenced before assignment
[26/Feb/2015 15:03:14] ERROR [django.request:231] Internal Server Error: /sig/expediente/inspeccionar/Expediente/0/95/0/0/
Traceback (most recent call last):
  File "/home/avazzano/virtualenvs3/python3.4/lib/python3.4/site-packages/django/core/handlers/base.py", line 111, in get_response
    response = wrapped_callback(request, *callback_args, **callback_kwargs)
  File "/home/avazzano/git/sstuv/documentos/views.py", line 60, in showExpediente
    partidoid=int(partido)
UnboundLocalError: local variable 'partido' referenced before assignment
[26/Feb/2015 15:23:10] WARNING [django.request:143] Not Found: /sig/expediente/inspeccionar/ExpedienteLey/0/15/0/2/
[26/Feb/2015 15:23:46] WARNING [django.request:143] Not Found: /sig/expediente/inspeccionar/Expediente/0/95/0/
